#
# A fatal error has been detected by the Java Runtime Environment:
#
#  SIGSEGV (0xb) at pc=0x000000010406bc54, pid=86534, tid=775
#
# JRE version: Java(TM) SE Runtime Environment (8.0_45-b14) (build 1.8.0_45-b14)
# Java VM: Java HotSpot(TM) 64-Bit Server VM (25.45-b02 mixed mode bsd-amd64 compressed oops)
# Problematic frame:
# V  [libjvm.dylib+0x46bc54]  SR_handler(int, __siginfo*, __darwin_ucontext*)+0x2e
#
# Failed to write core dump. Core dumps have been disabled. To enable core dumping, try "ulimit -c unlimited" before starting Java again
#
# If you would like to submit a bug report, please visit:
#   http://bugreport.java.com/bugreport/crash.jsp
#

---------------  T H R E A D  ---------------

Current thread is native thread

siginfo: si_signo: 11 (SIGSEGV), si_code: 1 (SEGV_MAPERR), si_addr: 0x0000000000000128

Registers:
RAX=0x0000000000000000, RBX=0x00007fff5d0d08e0, RCX=0x00007fff94fc2408, RDX=0x00007fff5d0d08e0
RSP=0x00007fff5d0d0410, RBP=0x00007fff5d0d0440, RSI=0x00007fff5d0d0878, RDI=0x0000000000000103
R8 =0x00007fff5d0d08e0, R9 =0x00000000ffffffff, R10=0x0000000000000c00, R11=0x0000000000000206
R12=0x0000000000000c00, R13=0x0000000000000000, R14=0x00007fff5d0d0878, R15=0x0000000000000002
RIP=0x000000010406bc54, EFLAGS=0x0000000000010202, ERR=0x0000000000000004
  TRAPNO=0x000000000000000e

Top of Stack: (sp=0x00007fff5d0d0410)
0x00007fff5d0d0410:   0000000000000000 00007fff5d0d08e0
0x00007fff5d0d0420:   0000000000000c00 0000000000000000
0x00007fff5d0d0430:   00007fff5d0d0b10 0000000000000d03
0x00007fff5d0d0440:   00007fff5d0d0450 00007fff8c387bba
0x00007fff5d0d0450:   00007fff5d0d09e0 0000000000013f00
0x00007fff5d0d0460:   0001400091a1b958 00007fff94e582d0
0x00007fff5d0d0470:   0100001f00000085 00007fff8c1509aa
0x00007fff5d0d0480:   0000000010004005 00000000ffffffff
0x00007fff5d0d0490:   00007fff5d0d0998 0000000000000000
0x00007fff5d0d04a0:   00007fff5d0d0b10 0000000007000806
0x00007fff5d0d04b0:   00007fff5d0d09e0 00007fff5d0d0998
0x00007fff5d0d04c0:   0000000000000d03 00000000ffffffff
0x00007fff5d0d04d0:   0000000000000c00 0000000000000206
0x00007fff5d0d04e0:   0000000000000c00 0000000000000000
0x00007fff5d0d04f0:   00007fff5d0d0b10 0000000000000d03
0x00007fff5d0d0500:   00007fff8c2a138a 0000000000000206
0x00007fff5d0d0510:   0000000000000007 0000000000000000
0x00007fff5d0d0520:   0000000000000000 0000000000000000
0x00007fff5d0d0530:   000000000000037f 0000000000000000
0x00007fff5d0d0540:   0000000000000000 0000ffff00001fa0
0x00007fff5d0d0550:   0000000000000000 000000000000ffff
0x00007fff5d0d0560:   0000000000000100 000000000000ffff
0x00007fff5d0d0570:   0000000000000000 0000000000000000
0x00007fff5d0d0580:   0000000000000000 0000000000000000
0x00007fff5d0d0590:   87bc000000000000 000000000000c00b
0x00007fff5d0d05a0:   0000000000000000 0000000000000000
0x00007fff5d0d05b0:   bb78000000000000 000000000000400b
0x00007fff5d0d05c0:   0000000000000000 0000000000000000
0x00007fff5d0d05d0:   41bef69974653f9e 0000000000000000
0x00007fff5d0d05e0:   3fd94fe79ee02a77 0000000000000000
0x00007fff5d0d05f0:   c3de3f65a7c7be5a 439c09a583841a58
0x00007fff5d0d0600:   0000000000000000 0000000000000000 

Instructions: (pc=0x000000010406bc54)
0x000000010406bc34:   83 ec 08 48 89 d3 49 89 f6 e8 8c c1 13 00 44 8b
0x000000010406bc44:   38 48 8d 05 a4 20 3a 00 48 63 38 e8 4a c4 13 00
0x000000010406bc54:   4c 8b a0 28 01 00 00 41 83 7c 24 34 01 0f 85 e2
0x000000010406bc64:   00 00 00 49 89 5c 24 40 4d 89 74 24 38 49 8d 5c 

Register to memory mapping:

RAX=0x0000000000000000 is an unknown value
RBX=0x00007fff5d0d08e0 is an unknown value
RCX=0x00007fff94fc2408: _thread+0x48 in /usr/lib/system/libsystem_pthread.dylib at 0x00007fff8c38e000
RDX=0x00007fff5d0d08e0 is an unknown value
RSP=0x00007fff5d0d0410 is an unknown value
RBP=0x00007fff5d0d0440 is an unknown value
RSI=0x00007fff5d0d0878 is an unknown value
RDI=0x0000000000000103 is an unknown value
R8 =0x00007fff5d0d08e0 is an unknown value
R9 =0x00000000ffffffff is an unknown value
R10=0x0000000000000c00 is an unknown value
R11=0x0000000000000206 is an unknown value
R12=0x0000000000000c00 is an unknown value
R13=0x0000000000000000 is an unknown value
R14=0x00007fff5d0d0878 is an unknown value
R15=0x0000000000000002 is an unknown value


Stack: [0x00007fff5c8d4000,0x00007fff5d0d4000],  sp=0x00007fff5d0d0410,  free space=8177k
Native frames: (J=compiled Java code, j=interpreted, Vv=VM code, C=native code)
V  [libjvm.dylib+0x46bc54]  SR_handler(int, __siginfo*, __darwin_ucontext*)+0x2e
C  [libsystem_platform.dylib+0x2bba]  _sigtramp+0x1a
C  0x0000000000013f00
C  [CoreFoundation+0x88c94]  __CFRunLoopServiceMachPort+0xd4
C  [CoreFoundation+0x88121]  __CFRunLoopRun+0x551
C  [CoreFoundation+0x87974]  CFRunLoopRunSpecific+0x1a4
C  [java+0x6490]  CreateExecutionEnvironment+0x367
C  [java+0x221c]  JLI_Launch+0x7a0
C  [java+0x84ed]  main+0x65
C  [java+0x1a74]  start+0x34


---------------  P R O C E S S  ---------------

VM state:not at safepoint (normal execution)

VM Mutex/Monitor currently owned by a thread: None

Heap:
 PSYoungGen      total 76288K, used 20632K [0x000000076ab00000, 0x0000000770000000, 0x00000007c0000000)
  eden space 65536K, 20% used [0x000000076ab00000,0x000000076b84e508,0x000000076eb00000)
  from space 10752K, 65% used [0x000000076eb00000,0x000000076f1d7e60,0x000000076f580000)
  to   space 10752K, 0% used [0x000000076f580000,0x000000076f580000,0x0000000770000000)
 ParOldGen       total 175104K, used 24K [0x00000006c0000000, 0x00000006cab00000, 0x000000076ab00000)
  object space 175104K, 0% used [0x00000006c0000000,0x00000006c0006000,0x00000006cab00000)
 Metaspace       used 16222K, capacity 16968K, committed 17280K, reserved 1062912K
  class space    used 3357K, capacity 3617K, committed 3712K, reserved 1048576K

Card table byte_map: [0x0000000104f29000,0x000000010572a000] byte_map_base: 0x0000000101929000

Marking Bits: (ParMarkBitMap*) 0x00000001044c27a0
 Begin Bits: [0x0000000105c80000, 0x0000000109c80000)
 End Bits:   [0x0000000109c80000, 0x000000010dc80000)

Polling page: 0x0000000102bec000

CodeCache: size=245760Kb used=3614Kb max_used=3614Kb free=242145Kb
 bounds [0x000000010ec90000, 0x000000010f020000, 0x000000011dc90000]
 total_blobs=1727 nmethods=1378 adapters=261
 compilation: enabled

Compilation events (10 events):
Event: 1.037 Thread 0x00007fb872839000 1373       1       clojure.asm.Type::getObjectType (32 bytes)
Event: 1.037 Thread 0x00007fb872839000 nmethod 1373 0x000000010f013ed0 code [0x000000010f014040, 0x000000010f014308]
Event: 1.037 Thread 0x00007fb872839000 1375       1       java.lang.reflect.Constructor::setConstructorAccessor (21 bytes)
Event: 1.037 Thread 0x00007fb872839000 nmethod 1375 0x000000010f014450 code [0x000000010f0145c0, 0x000000010f014768]
Event: 1.037 Thread 0x00007fb872839000 1374       1       java.lang.ClassLoader::addClass (9 bytes)
Event: 1.037 Thread 0x00007fb872839000 nmethod 1374 0x000000010f014850 code [0x000000010f0149c0, 0x000000010f014b08]
Event: 1.037 Thread 0x00007fb872839000 1376       1       java.util.TreeMap::access$100 (5 bytes)
Event: 1.037 Thread 0x00007fb872839000 nmethod 1376 0x000000010f014bd0 code [0x000000010f014d20, 0x000000010f014e10]
Event: 1.041 Thread 0x00007fb872839000 1377       1       java.util.ArrayList::iterator (10 bytes)
Event: 1.041 Thread 0x00007fb872839000 nmethod 1377 0x000000010f014e90 code [0x000000010f014fe0, 0x000000010f015170]

GC Heap History (2 events):
Event: 0.949 GC heap before
{Heap before GC invocations=1 (full 0):
 PSYoungGen      total 76288K, used 65536K [0x000000076ab00000, 0x0000000770000000, 0x00000007c0000000)
  eden space 65536K, 100% used [0x000000076ab00000,0x000000076eb00000,0x000000076eb00000)
  from space 10752K, 0% used [0x000000076f580000,0x000000076f580000,0x0000000770000000)
  to   space 10752K, 0% used [0x000000076eb00000,0x000000076eb00000,0x000000076f580000)
 ParOldGen       total 175104K, used 0K [0x00000006c0000000, 0x00000006cab00000, 0x000000076ab00000)
  object space 175104K, 0% used [0x00000006c0000000,0x00000006c0000000,0x00000006cab00000)
 Metaspace       used 15389K, capacity 16072K, committed 16256K, reserved 1062912K
  class space    used 3106K, capacity 3353K, committed 3456K, reserved 1048576K
Event: 0.957 GC heap after
Heap after GC invocations=1 (full 0):
 PSYoungGen      total 76288K, used 7007K [0x000000076ab00000, 0x0000000770000000, 0x00000007c0000000)
  eden space 65536K, 0% used [0x000000076ab00000,0x000000076ab00000,0x000000076eb00000)
  from space 10752K, 65% used [0x000000076eb00000,0x000000076f1d7e60,0x000000076f580000)
  to   space 10752K, 0% used [0x000000076f580000,0x000000076f580000,0x0000000770000000)
 ParOldGen       total 175104K, used 24K [0x00000006c0000000, 0x00000006cab00000, 0x000000076ab00000)
  object space 175104K, 0% used [0x00000006c0000000,0x00000006c0006000,0x00000006cab00000)
 Metaspace       used 15389K, capacity 16072K, committed 16256K, reserved 1062912K
  class space    used 3106K, capacity 3353K, committed 3456K, reserved 1048576K
}

Deoptimization events (0 events):
No events

Internal exceptions (10 events):
Event: 0.104 Thread 0x00007fb872809000 Exception <a 'java/security/PrivilegedActionException'> (0x000000076aba3860) thrown at [/Users/java_re/workspace/8-2-build-macosx-x86_64/jdk8u45/3457/hotspot/src/share/vm/prims/jvm.cpp, line 1382]
Event: 0.104 Thread 0x00007fb872809000 Exception <a 'java/security/PrivilegedActionException'> (0x000000076aba6a50) thrown at [/Users/java_re/workspace/8-2-build-macosx-x86_64/jdk8u45/3457/hotspot/src/share/vm/prims/jvm.cpp, line 1382]
Event: 0.104 Thread 0x00007fb872809000 Exception <a 'java/security/PrivilegedActionException'> (0x000000076aba6c08) thrown at [/Users/java_re/workspace/8-2-build-macosx-x86_64/jdk8u45/3457/hotspot/src/share/vm/prims/jvm.cpp, line 1382]
Event: 0.467 Thread 0x00007fb872809000 Exception <a 'java/lang/ClassNotFoundException': cemerick/pomegranate/aether__init> (0x000000076be62b90) thrown at [/Users/java_re/workspace/8-2-build-macosx-x86_64/jdk8u45/3457/hotspot/src/share/vm/classfile/systemDictionary.cpp, line 210]
Event: 0.523 Thread 0x00007fb872809000 Exception <a 'java/lang/ClassNotFoundException': org/apache/log4j/Priority> (0x000000076c1242f0) thrown at [/Users/java_re/workspace/8-2-build-macosx-x86_64/jdk8u45/3457/hotspot/src/share/vm/classfile/systemDictionary.cpp, line 210]
Event: 0.523 Thread 0x00007fb872809000 Exception <a 'java/lang/NoClassDefFoundError'> (0x000000076c124c78) thrown at [/Users/java_re/workspace/8-2-build-macosx-x86_64/jdk8u45/3457/hotspot/src/share/vm/oops/instanceKlass.cpp, line 938]
Event: 0.804 Thread 0x00007fb872809000 Exception <a 'java/lang/ClassNotFoundException': dynapath/util__init> (0x000000076d8116f0) thrown at [/Users/java_re/workspace/8-2-build-macosx-x86_64/jdk8u45/3457/hotspot/src/share/vm/classfile/systemDictionary.cpp, line 210]
Event: 0.864 Thread 0x00007fb872809000 Exception <a 'java/lang/ClassNotFoundException': pedantic/core__init> (0x000000076e09ef68) thrown at [/Users/java_re/workspace/8-2-build-macosx-x86_64/jdk8u45/3457/hotspot/src/share/vm/classfile/systemDictionary.cpp, line 210]
Event: 0.943 Thread 0x00007fb872809000 Exception <a 'java/lang/ClassNotFoundException': bultitude/core__init> (0x000000076e9ce530) thrown at [/Users/java_re/workspace/8-2-build-macosx-x86_64/jdk8u45/3457/hotspot/src/share/vm/classfile/systemDictionary.cpp, line 210]
Event: 1.017 Thread 0x00007fb872809000 Exception <a 'java/lang/ClassNotFoundException': useful/java__init> (0x000000076b3ce838) thrown at [/Users/java_re/workspace/8-2-build-macosx-x86_64/jdk8u45/3457/hotspot/src/share/vm/classfile/systemDictionary.cpp, line 210]

Events (10 events):
Event: 1.041 loading class leiningen/core/eval$fn__5649
Event: 1.042 loading class leiningen/core/eval$fn__5649 done
Event: 1.042 loading class clojure/core$promise$reify__7005
Event: 1.042 loading class clojure/lang/IBlockingDeref
Event: 1.042 loading class clojure/lang/IBlockingDeref done
Event: 1.042 loading class clojure/core$promise$reify__7005 done
Event: 1.042 loading class leiningen/core/eval$remove_default_paths
Event: 1.042 loading class leiningen/core/eval$remove_default_paths done
Event: 1.042 loading class leiningen/core/eval$prep
Event: 1.042 loading class leiningen/core/eval$prep done


Dynamic libraries:
0x000000000187b000 	/System/Library/Frameworks/Cocoa.framework/Versions/A/Cocoa
0x000000000187b000 	/System/Library/Frameworks/Security.framework/Versions/A/Security
0x000000000187b000 	/System/Library/Frameworks/ApplicationServices.framework/Versions/A/ApplicationServices
0x000000000187b000 	/usr/lib/libz.1.dylib
0x000000000187b000 	/usr/lib/libSystem.B.dylib
0x000000000187b000 	/usr/lib/libobjc.A.dylib
0x000000000187b000 	/System/Library/Frameworks/CoreFoundation.framework/Versions/A/CoreFoundation
0x000000000187b000 	/System/Library/Frameworks/Foundation.framework/Versions/C/Foundation
0x000000000187b000 	/System/Library/Frameworks/AppKit.framework/Versions/C/AppKit
0x000000000187b000 	/System/Library/Frameworks/CoreData.framework/Versions/A/CoreData
0x000000000187b000 	/System/Library/PrivateFrameworks/RemoteViewServices.framework/Versions/A/RemoteViewServices
0x000000000187b000 	/System/Library/PrivateFrameworks/UIFoundation.framework/Versions/A/UIFoundation
0x000000000187b000 	/System/Library/PrivateFrameworks/DFRFoundation.framework/Versions/A/DFRFoundation
0x000000000187b000 	/usr/lib/libenergytrace.dylib
0x000000000187b000 	/System/Library/PrivateFrameworks/SkyLight.framework/Versions/A/SkyLight
0x000000000187b000 	/System/Library/Frameworks/CoreGraphics.framework/Versions/A/CoreGraphics
0x000000000187b000 	/usr/lib/libScreenReader.dylib
0x000000000187b000 	/System/Library/Frameworks/Accelerate.framework/Versions/A/Accelerate
0x000000000187b000 	/System/Library/Frameworks/IOSurface.framework/Versions/A/IOSurface
0x000000000187b000 	/System/Library/Frameworks/AudioToolbox.framework/Versions/A/AudioToolbox
0x000000000187b000 	/System/Library/Frameworks/AudioUnit.framework/Versions/A/AudioUnit
0x000000000187b000 	/System/Library/PrivateFrameworks/DataDetectorsCore.framework/Versions/A/DataDetectorsCore
0x000000000187b000 	/System/Library/PrivateFrameworks/DesktopServicesPriv.framework/Versions/A/DesktopServicesPriv
0x000000000187b000 	/System/Library/Frameworks/Carbon.framework/Versions/A/Frameworks/HIToolbox.framework/Versions/A/HIToolbox
0x000000000187b000 	/usr/lib/libicucore.A.dylib
0x000000000187b000 	/System/Library/Frameworks/QuartzCore.framework/Versions/A/QuartzCore
0x000000000187b000 	/System/Library/Frameworks/Carbon.framework/Versions/A/Frameworks/SpeechRecognition.framework/Versions/A/SpeechRecognition
0x000000000187b000 	/usr/lib/libauto.dylib
0x000000000187b000 	/usr/lib/libxml2.2.dylib
0x000000000187b000 	/System/Library/PrivateFrameworks/CoreUI.framework/Versions/A/CoreUI
0x000000000187b000 	/System/Library/Frameworks/CoreAudio.framework/Versions/A/CoreAudio
0x000000000187b000 	/System/Library/Frameworks/DiskArbitration.framework/Versions/A/DiskArbitration
0x000000000187b000 	/usr/lib/liblangid.dylib
0x000000000187b000 	/System/Library/PrivateFrameworks/MultitouchSupport.framework/Versions/A/MultitouchSupport
0x000000000187b000 	/System/Library/Frameworks/IOKit.framework/Versions/A/IOKit
0x000000000187b000 	/usr/lib/libDiagnosticMessagesClient.dylib
0x000000000187b000 	/System/Library/Frameworks/CoreServices.framework/Versions/A/CoreServices
0x000000000187b000 	/System/Library/PrivateFrameworks/PerformanceAnalysis.framework/Versions/A/PerformanceAnalysis
0x000000000187b000 	/System/Library/PrivateFrameworks/GenerationalStorage.framework/Versions/A/GenerationalStorage
0x000000000187b000 	/System/Library/Frameworks/OpenGL.framework/Versions/A/OpenGL
0x000000000187b000 	/System/Library/Frameworks/CoreImage.framework/Versions/A/CoreImage
0x000000000187b000 	/System/Library/Frameworks/CoreText.framework/Versions/A/CoreText
0x000000000187b000 	/System/Library/Frameworks/ImageIO.framework/Versions/A/ImageIO
0x000000000187b000 	/System/Library/PrivateFrameworks/Backup.framework/Versions/A/Backup
0x000000000187b000 	/usr/lib/libarchive.2.dylib
0x000000000187b000 	/System/Library/Frameworks/CFNetwork.framework/Versions/A/CFNetwork
0x000000000187b000 	/System/Library/Frameworks/SystemConfiguration.framework/Versions/A/SystemConfiguration
0x000000000187b000 	/usr/lib/libCRFSuite.dylib
0x000000000187b000 	/usr/lib/libc++.1.dylib
0x000000000187b000 	/usr/lib/libc++abi.dylib
0x000000000187b000 	/usr/lib/system/libcache.dylib
0x000000000187b000 	/usr/lib/system/libcommonCrypto.dylib
0x000000000187b000 	/usr/lib/system/libcompiler_rt.dylib
0x000000000187b000 	/usr/lib/system/libcopyfile.dylib
0x000000000187b000 	/usr/lib/system/libcorecrypto.dylib
0x000000000187b000 	/usr/lib/system/libdispatch.dylib
0x000000000187b000 	/usr/lib/system/libdyld.dylib
0x000000000187b000 	/usr/lib/system/libkeymgr.dylib
0x000000000187b000 	/usr/lib/system/liblaunch.dylib
0x000000000187b000 	/usr/lib/system/libmacho.dylib
0x000000000187b000 	/usr/lib/system/libquarantine.dylib
0x000000000187b000 	/usr/lib/system/libremovefile.dylib
0x000000000187b000 	/usr/lib/system/libsystem_asl.dylib
0x000000000187b000 	/usr/lib/system/libsystem_blocks.dylib
0x000000000187b000 	/usr/lib/system/libsystem_c.dylib
0x000000000187b000 	/usr/lib/system/libsystem_configuration.dylib
0x000000000187b000 	/usr/lib/system/libsystem_coreservices.dylib
0x000000000187b000 	/usr/lib/system/libsystem_coretls.dylib
0x000000000187b000 	/usr/lib/system/libsystem_dnssd.dylib
0x000000000187b000 	/usr/lib/system/libsystem_info.dylib
0x000000000187b000 	/usr/lib/system/libsystem_kernel.dylib
0x000000000187b000 	/usr/lib/system/libsystem_m.dylib
0x000000000187b000 	/usr/lib/system/libsystem_malloc.dylib
0x000000000187b000 	/usr/lib/system/libsystem_network.dylib
0x000000000187b000 	/usr/lib/system/libsystem_networkextension.dylib
0x000000000187b000 	/usr/lib/system/libsystem_notify.dylib
0x000000000187b000 	/usr/lib/system/libsystem_platform.dylib
0x000000000187b000 	/usr/lib/system/libsystem_pthread.dylib
0x000000000187b000 	/usr/lib/system/libsystem_sandbox.dylib
0x000000000187b000 	/usr/lib/system/libsystem_secinit.dylib
0x000000000187b000 	/usr/lib/system/libsystem_symptoms.dylib
0x000000000187b000 	/usr/lib/system/libsystem_trace.dylib
0x000000000187b000 	/usr/lib/system/libunwind.dylib
0x000000000187b000 	/usr/lib/system/libxpc.dylib
0x000000000187b000 	/usr/lib/libbsm.0.dylib
0x000000000187b000 	/usr/lib/system/libkxld.dylib
0x000000000187b000 	/usr/lib/libcoretls.dylib
0x000000000187b000 	/usr/lib/libcoretls_cfhelpers.dylib
0x000000000187b000 	/usr/lib/libxar.1.dylib
0x000000000187b000 	/usr/lib/libsqlite3.dylib
0x000000000187b000 	/usr/lib/libpam.2.dylib
0x000000000187b000 	/usr/lib/libOpenScriptingUtil.dylib
0x000000000187b000 	/usr/lib/libbz2.1.0.dylib
0x000000000187b000 	/usr/lib/liblzma.5.dylib
0x000000000187b000 	/usr/lib/libnetwork.dylib
0x000000000187b000 	/usr/lib/libpcap.A.dylib
0x000000000187b000 	/System/Library/Frameworks/CoreServices.framework/Versions/A/Frameworks/FSEvents.framework/Versions/A/FSEvents
0x000000000187b000 	/System/Library/Frameworks/CoreServices.framework/Versions/A/Frameworks/CarbonCore.framework/Versions/A/CarbonCore
0x000000000187b000 	/System/Library/Frameworks/CoreServices.framework/Versions/A/Frameworks/Metadata.framework/Versions/A/Metadata
0x000000000187b000 	/System/Library/Frameworks/CoreServices.framework/Versions/A/Frameworks/OSServices.framework/Versions/A/OSServices
0x000000000187b000 	/System/Library/Frameworks/CoreServices.framework/Versions/A/Frameworks/SearchKit.framework/Versions/A/SearchKit
0x000000000187b000 	/System/Library/Frameworks/CoreServices.framework/Versions/A/Frameworks/AE.framework/Versions/A/AE
0x000000000187b000 	/System/Library/Frameworks/CoreServices.framework/Versions/A/Frameworks/LaunchServices.framework/Versions/A/LaunchServices
0x000000000187b000 	/System/Library/Frameworks/CoreServices.framework/Versions/A/Frameworks/DictionaryServices.framework/Versions/A/DictionaryServices
0x000000000187b000 	/System/Library/Frameworks/CoreServices.framework/Versions/A/Frameworks/SharedFileList.framework/Versions/A/SharedFileList
0x000000000187b000 	/System/Library/Frameworks/NetFS.framework/Versions/A/NetFS
0x000000000187b000 	/System/Library/PrivateFrameworks/NetAuth.framework/Versions/A/NetAuth
0x000000000187b000 	/System/Library/PrivateFrameworks/login.framework/Versions/A/Frameworks/loginsupport.framework/Versions/A/loginsupport
0x000000000187b000 	/System/Library/PrivateFrameworks/TCC.framework/Versions/A/TCC
0x000000000187b000 	/usr/lib/libmecabra.dylib
0x000000000187b000 	/System/Library/Frameworks/ApplicationServices.framework/Versions/A/Frameworks/ATS.framework/Versions/A/ATS
0x000000000187b000 	/System/Library/Frameworks/ApplicationServices.framework/Versions/A/Frameworks/ColorSync.framework/Versions/A/ColorSync
0x000000000187b000 	/System/Library/Frameworks/ApplicationServices.framework/Versions/A/Frameworks/HIServices.framework/Versions/A/HIServices
0x000000000187b000 	/System/Library/Frameworks/ApplicationServices.framework/Versions/A/Frameworks/LangAnalysis.framework/Versions/A/LangAnalysis
0x000000000187b000 	/System/Library/Frameworks/ApplicationServices.framework/Versions/A/Frameworks/PrintCore.framework/Versions/A/PrintCore
0x000000000187b000 	/System/Library/Frameworks/ApplicationServices.framework/Versions/A/Frameworks/QD.framework/Versions/A/QD
0x000000000187b000 	/System/Library/Frameworks/ApplicationServices.framework/Versions/A/Frameworks/SpeechSynthesis.framework/Versions/A/SpeechSynthesis
0x000000000187b000 	/System/Library/Frameworks/Accelerate.framework/Versions/A/Frameworks/vImage.framework/Versions/A/vImage
0x000000000187b000 	/System/Library/Frameworks/Accelerate.framework/Versions/A/Frameworks/vecLib.framework/Versions/A/vecLib
0x000000000187b000 	/System/Library/Frameworks/Accelerate.framework/Versions/A/Frameworks/vecLib.framework/Versions/A/libvDSP.dylib
0x000000000187b000 	/System/Library/Frameworks/Accelerate.framework/Versions/A/Frameworks/vecLib.framework/Versions/A/libBNNS.dylib
0x000000000187b000 	/System/Library/Frameworks/Accelerate.framework/Versions/A/Frameworks/vecLib.framework/Versions/A/libQuadrature.dylib
0x000000000187b000 	/System/Library/Frameworks/Accelerate.framework/Versions/A/Frameworks/vecLib.framework/Versions/A/libvMisc.dylib
0x000000000187b000 	/System/Library/Frameworks/Accelerate.framework/Versions/A/Frameworks/vecLib.framework/Versions/A/libLAPACK.dylib
0x000000000187b000 	/System/Library/Frameworks/Accelerate.framework/Versions/A/Frameworks/vecLib.framework/Versions/A/libBLAS.dylib
0x000000000187b000 	/System/Library/Frameworks/Accelerate.framework/Versions/A/Frameworks/vecLib.framework/Versions/A/libLinearAlgebra.dylib
0x000000000187b000 	/System/Library/Frameworks/Accelerate.framework/Versions/A/Frameworks/vecLib.framework/Versions/A/libSparseBLAS.dylib
0x000000000187b000 	/System/Library/Frameworks/ApplicationServices.framework/Versions/A/Frameworks/ATS.framework/Versions/A/Resources/libFontParser.dylib
0x000000000187b000 	/System/Library/Frameworks/ApplicationServices.framework/Versions/A/Frameworks/ATS.framework/Versions/A/Resources/libFontRegistry.dylib
0x000000000187b000 	/System/Library/Frameworks/ImageIO.framework/Versions/A/Resources/libJPEG.dylib
0x000000000187b000 	/System/Library/Frameworks/ImageIO.framework/Versions/A/Resources/libTIFF.dylib
0x000000000187b000 	/System/Library/Frameworks/ImageIO.framework/Versions/A/Resources/libPng.dylib
0x000000000187b000 	/System/Library/Frameworks/ImageIO.framework/Versions/A/Resources/libGIF.dylib
0x000000000187b000 	/System/Library/Frameworks/ImageIO.framework/Versions/A/Resources/libJP2.dylib
0x000000000187b000 	/System/Library/Frameworks/ImageIO.framework/Versions/A/Resources/libRadiance.dylib
0x000000000187b000 	/usr/lib/libcompression.dylib
0x000000000187b000 	/System/Library/PrivateFrameworks/AppleJPEG.framework/Versions/A/AppleJPEG
0x000000000187b000 	/usr/lib/libcups.2.dylib
0x000000000187b000 	/System/Library/Frameworks/Kerberos.framework/Versions/A/Kerberos
0x000000000187b000 	/System/Library/Frameworks/GSS.framework/Versions/A/GSS
0x000000000187b000 	/usr/lib/libresolv.9.dylib
0x000000000187b000 	/usr/lib/libiconv.2.dylib
0x000000000187b000 	/System/Library/PrivateFrameworks/Heimdal.framework/Versions/A/Heimdal
0x000000000187b000 	/usr/lib/libheimdal-asn1.dylib
0x000000000187b000 	/System/Library/Frameworks/OpenDirectory.framework/Versions/A/OpenDirectory
0x000000000187b000 	/System/Library/PrivateFrameworks/CommonAuth.framework/Versions/A/CommonAuth
0x000000000187b000 	/System/Library/Frameworks/OpenDirectory.framework/Versions/A/Frameworks/CFOpenDirectory.framework/Versions/A/CFOpenDirectory
0x000000000187b000 	/System/Library/Frameworks/SecurityFoundation.framework/Versions/A/SecurityFoundation
0x000000000187b000 	/System/Library/PrivateFrameworks/LanguageModeling.framework/Versions/A/LanguageModeling
0x000000000187b000 	/usr/lib/libmarisa.dylib
0x000000000187b000 	/usr/lib/libChineseTokenizer.dylib
0x000000000187b000 	/usr/lib/libcmph.dylib
0x000000000187b000 	/System/Library/PrivateFrameworks/CoreEmoji.framework/Versions/A/CoreEmoji
0x000000000187b000 	/System/Library/Frameworks/ServiceManagement.framework/Versions/A/ServiceManagement
0x000000000187b000 	/usr/lib/libxslt.1.dylib
0x000000000187b000 	/System/Library/Frameworks/Carbon.framework/Versions/A/Frameworks/Ink.framework/Versions/A/Ink
0x000000000187b000 	/System/Library/PrivateFrameworks/TextureIO.framework/Versions/A/TextureIO
0x000000000187b000 	/System/Library/Frameworks/Metal.framework/Versions/A/Metal
0x000000000187b000 	/usr/lib/libate.dylib
0x000000000187b000 	/System/Library/PrivateFrameworks/GPUCompiler.framework/libmetal_timestamp.dylib
0x000000000187b000 	/System/Library/Frameworks/OpenGL.framework/Versions/A/Libraries/libCoreFSCache.dylib
0x000000000187b000 	/System/Library/PrivateFrameworks/IOAccelerator.framework/Versions/A/IOAccelerator
0x000000000187b000 	/System/Library/Frameworks/CoreVideo.framework/Versions/A/CoreVideo
0x000000000187b000 	/usr/lib/libFosl_dynamic.dylib
0x000000000187b000 	/System/Library/PrivateFrameworks/MetalPerformanceShaders.framework/Versions/A/MetalPerformanceShaders
0x000000000187b000 	/System/Library/PrivateFrameworks/FaceCore.framework/Versions/A/FaceCore
0x000000000187b000 	/System/Library/Frameworks/OpenCL.framework/Versions/A/OpenCL
0x000000000187b000 	/System/Library/Frameworks/OpenGL.framework/Versions/A/Libraries/libGLU.dylib
0x000000000187b000 	/System/Library/Frameworks/OpenGL.framework/Versions/A/Libraries/libGFXShared.dylib
0x000000000187b000 	/System/Library/Frameworks/OpenGL.framework/Versions/A/Libraries/libGL.dylib
0x000000000187b000 	/System/Library/Frameworks/OpenGL.framework/Versions/A/Libraries/libGLImage.dylib
0x000000000187b000 	/System/Library/Frameworks/OpenGL.framework/Versions/A/Libraries/libCVMSPluginSupport.dylib
0x000000000187b000 	/System/Library/Frameworks/OpenGL.framework/Versions/A/Libraries/libCoreVMClient.dylib
0x000000000187b000 	/System/Library/PrivateFrameworks/CrashReporterSupport.framework/Versions/A/CrashReporterSupport
0x000000000187b000 	/System/Library/PrivateFrameworks/Sharing.framework/Versions/A/Sharing
0x000000000187b000 	/System/Library/PrivateFrameworks/IconServices.framework/Versions/A/IconServices
0x000000000187b000 	/System/Library/PrivateFrameworks/ProtocolBuffer.framework/Versions/A/ProtocolBuffer
0x000000000187b000 	/System/Library/PrivateFrameworks/Apple80211.framework/Versions/A/Apple80211
0x000000000187b000 	/System/Library/Frameworks/CoreWLAN.framework/Versions/A/CoreWLAN
0x000000000187b000 	/System/Library/PrivateFrameworks/CoreUtils.framework/Versions/A/CoreUtils
0x000000000187b000 	/System/Library/Frameworks/IOBluetooth.framework/Versions/A/IOBluetooth
0x000000000187b000 	/System/Library/PrivateFrameworks/CoreWiFi.framework/Versions/A/CoreWiFi
0x000000000187b000 	/System/Library/Frameworks/CoreBluetooth.framework/Versions/A/CoreBluetooth
0x000000000187b000 	/System/Library/Frameworks/CoreDisplay.framework/Versions/A/CoreDisplay
0x000000000187b000 	/System/Library/PrivateFrameworks/IOPresentment.framework/Versions/A/IOPresentment
0x000000000187b000 	/System/Library/PrivateFrameworks/DebugSymbols.framework/Versions/A/DebugSymbols
0x000000000187b000 	/System/Library/PrivateFrameworks/CoreSymbolication.framework/Versions/A/CoreSymbolication
0x000000000187b000 	/System/Library/PrivateFrameworks/Symbolication.framework/Versions/A/Symbolication
0x000000000187b000 	/System/Library/PrivateFrameworks/AppleFSCompression.framework/Versions/A/AppleFSCompression
0x000000000187b000 	/System/Library/PrivateFrameworks/SpeechRecognitionCore.framework/Versions/A/SpeechRecognitionCore
0x000000000187b000 	/System/Library/PrivateFrameworks/ChunkingLibrary.framework/Versions/A/ChunkingLibrary
0x0000000103c00000 	/Library/Java/JavaVirtualMachines/jdk1.8.0_45.jdk/Contents/Home/jre/lib/server/libjvm.dylib
0x000000000187b000 	/usr/lib/libstdc++.6.dylib
0x0000000102ba9000 	/Library/Java/JavaVirtualMachines/jdk1.8.0_45.jdk/Contents/Home/jre/lib/libverify.dylib
0x0000000102bb7000 	/Library/Java/JavaVirtualMachines/jdk1.8.0_45.jdk/Contents/Home/jre/lib/libjava.dylib
0x0000000102bf6000 	/Library/Java/JavaVirtualMachines/jdk1.8.0_45.jdk/Contents/Home/jre/lib/libzip.dylib
0x000000011fcb0000 	/System/Library/Frameworks/JavaVM.framework/Frameworks/JavaRuntimeSupport.framework/JavaRuntimeSupport
0x000000011fcca000 	/System/Library/Frameworks/JavaVM.framework/Versions/A/Frameworks/JavaNativeFoundation.framework/Versions/A/JavaNativeFoundation
0x000000011fcdf000 	/System/Library/Frameworks/JavaVM.framework/Versions/A/JavaVM
0x000000000187b000 	/System/Library/Frameworks/Carbon.framework/Versions/A/Carbon
0x000000011fcec000 	/System/Library/PrivateFrameworks/JavaLaunching.framework/Versions/A/JavaLaunching
0x000000000187b000 	/System/Library/Frameworks/Carbon.framework/Versions/A/Frameworks/CommonPanels.framework/Versions/A/CommonPanels
0x000000000187b000 	/System/Library/Frameworks/Carbon.framework/Versions/A/Frameworks/Help.framework/Versions/A/Help
0x000000000187b000 	/System/Library/Frameworks/Carbon.framework/Versions/A/Frameworks/ImageCapture.framework/Versions/A/ImageCapture
0x000000000187b000 	/System/Library/Frameworks/Carbon.framework/Versions/A/Frameworks/OpenScripting.framework/Versions/A/OpenScripting
0x000000000187b000 	/System/Library/Frameworks/Carbon.framework/Versions/A/Frameworks/Print.framework/Versions/A/Print
0x000000000187b000 	/System/Library/Frameworks/Carbon.framework/Versions/A/Frameworks/SecurityHI.framework/Versions/A/SecurityHI
0x00000001219a5000 	/Library/Java/JavaVirtualMachines/jdk1.8.0_45.jdk/Contents/Home/jre/lib/libsunec.dylib

VM Arguments:
jvm_args: -Xbootclasspath/a:/usr/local/Cellar/leiningen/2.7.1/libexec/leiningen-2.7.1-standalone.jar -Dfile.encoding=UTF-8 -Dmaven.wagon.http.ssl.easy=false -Dmaven.wagon.rto=10000 -XX:+TieredCompilation -XX:TieredStopAtLevel=1 -Dleiningen.original.pwd=/Users/lukasgin/liip/clojure/clojure-for-true-brave/hello-world -Dleiningen.script=/usr/local/bin/lein 
java_command: clojure.main -m leiningen.core.main run
java_class_path (initial): :/usr/local/Cellar/leiningen/2.7.1/libexec/leiningen-2.7.1-standalone.jar
Launcher Type: SUN_STANDARD

Environment Variables:
JAVA_HOME=/Library/Java/JavaVirtualMachines/jdk1.8.0_45.jdk/Contents/Home
PATH=/usr/local/opt/openssl/include:/usr/local/opt/openssl/lib:/usr/local/sbin:/Users/lukasgin/.local/bin:/Users/lukasgin/torch/install/bin:/Users/lukasgin/.platformsh/bin:/Users/lukasgin/Library/Android/sdk/tools:/Users/lukasgin/Library/Android/sdk/platform-tools:/Users/lukasgin/.pyenv/shims:/Users/lukasgin/.nvm/versions/node/v6.5.0/bin:/Users/lukasgin/.pyenv/versions/3.5.2/bin:/usr/local/Cellar/pyenv/1.0.3/libexec:/usr/local/opt/openssl/include:/usr/local/opt/openssl/lib:/usr/local/sbin:/Users/lukasgin/.local/bin:/Users/lukasgin/torch/install/bin:/Users/lukasgin/.platformsh/bin:/Users/lukasgin/Library/Android/sdk/tools:/Users/lukasgin/Library/Android/sdk/platform-tools:/Users/lukasgin/.pyenv/shims:/Users/lukasgin/liip/Go/bin:/usr/local/bin:/usr/bin:/bin:/usr/sbin:/sbin:/opt/X11/bin:/usr/local/share/dotnet:/usr/local/MacGPG2/bin:/Library/Frameworks/Mono.framework/Versions/Current/Commands:/Library/TeX/texbin:/Users/lukasgin/liip/Go/bin
SHELL=/usr/local/bin/bash
DISPLAY=/private/tmp/com.apple.launchd.L8w4u7cVoj/org.macosforge.xquartz:0

Signal Handlers:
SIGSEGV: [libjvm.dylib+0x58ef95], sa_mask[0]=11111111011111110111111111111111, sa_flags=SA_ONSTACK|SA_RESTART|SA_SIGINFO
SIGBUS: [libjvm.dylib+0x58ef95], sa_mask[0]=11111111011111110111111111111111, sa_flags=SA_RESTART|SA_SIGINFO
SIGFPE: [libjvm.dylib+0x46c108], sa_mask[0]=11111111011111110111111111111111, sa_flags=SA_RESTART|SA_SIGINFO
SIGPIPE: [libjvm.dylib+0x46c108], sa_mask[0]=11111111011111110111111111111111, sa_flags=SA_RESTART|SA_SIGINFO
SIGXFSZ: [libjvm.dylib+0x46c108], sa_mask[0]=11111111011111110111111111111111, sa_flags=SA_RESTART|SA_SIGINFO
SIGILL: [libjvm.dylib+0x46c108], sa_mask[0]=11111111011111110111111111111111, sa_flags=SA_RESTART|SA_SIGINFO
SIGUSR1: SIG_DFL, sa_mask[0]=11011111011111100000000111000110, sa_flags=none
SIGUSR2: [libjvm.dylib+0x46bc26], sa_mask[0]=00000000000000000000000000000000, sa_flags=SA_RESTART|SA_SIGINFO
SIGHUP: [libjvm.dylib+0x46a1f9], sa_mask[0]=11111111011111110111111111111111, sa_flags=SA_RESTART|SA_SIGINFO
SIGINT: [libjvm.dylib+0x46a1f9], sa_mask[0]=11111111011111110111111111111111, sa_flags=SA_RESTART|SA_SIGINFO
SIGTERM: [libjvm.dylib+0x46a1f9], sa_mask[0]=11111111011111110111111111111111, sa_flags=SA_RESTART|SA_SIGINFO
SIGQUIT: [libjvm.dylib+0x46a1f9], sa_mask[0]=11111111011111110111111111111111, sa_flags=SA_RESTART|SA_SIGINFO


---------------  S Y S T E M  ---------------

OS:Bsduname:Darwin 16.4.0 Darwin Kernel Version 16.4.0: Thu Dec 22 22:53:21 PST 2016; root:xnu-3789.41.3~3/RELEASE_X86_64 x86_64
rlimit: STACK 8192k, CORE 0k, NPROC 709, NOFILE 10240, AS infinity
load average:2.73 2.63 2.50

CPU:total 8 (4 cores per cpu, 2 threads per core) family 6 model 70 stepping 1, cmov, cx8, fxsr, mmx, sse, sse2, sse3, ssse3, sse4.1, sse4.2, popcnt, avx, avx2, aes, clmul, erms, lzcnt, ht, tsc, tscinvbit, bmi1, bmi2

Memory: 4k page, physical 16777216k(188888k free)

/proc/meminfo:


vm_info: Java HotSpot(TM) 64-Bit Server VM (25.45-b02) for bsd-amd64 JRE (1.8.0_45-b14), built on Apr 10 2015 10:46:38 by "java_re" with gcc 4.2.1 (Based on Apple Inc. build 5658) (LLVM build 2336.11.00)

time: Sun Jun 18 13:20:21 2017
elapsed time: 1 seconds (0d 0h 0m 1s)

