#
# A fatal error has been detected by the Java Runtime Environment:
#
#  SIGSEGV (0xb) at pc=0x0000000106e6bc54, pid=86471, tid=775
#
# JRE version: Java(TM) SE Runtime Environment (8.0_45-b14) (build 1.8.0_45-b14)
# Java VM: Java HotSpot(TM) 64-Bit Server VM (25.45-b02 mixed mode bsd-amd64 compressed oops)
# Problematic frame:
# V  [libjvm.dylib+0x46bc54]  SR_handler(int, __siginfo*, __darwin_ucontext*)+0x2e
#
# Failed to write core dump. Core dumps have been disabled. To enable core dumping, try "ulimit -c unlimited" before starting Java again
#
# If you would like to submit a bug report, please visit:
#   http://bugreport.java.com/bugreport/crash.jsp
#

---------------  T H R E A D  ---------------

Current thread is native thread

siginfo: si_signo: 11 (SIGSEGV), si_code: 1 (SEGV_MAPERR), si_addr: 0x0000000000000128

Registers:
RAX=0x0000000000000000, RBX=0x00007fff5a361680, RCX=0x00007fff94fc2408, RDX=0x00007fff5a361680
RSP=0x00007fff5a3611b0, RBP=0x00007fff5a3611e0, RSI=0x00007fff5a361618, RDI=0x0000000000000103
R8 =0x00007fff5a361680, R9 =0x00000000ffffffff, R10=0x0000000000000c00, R11=0x0000000000000206
R12=0x0000000000000c00, R13=0x0000000000000000, R14=0x00007fff5a361618, R15=0x0000000000000002
RIP=0x0000000106e6bc54, EFLAGS=0x0000000000010202, ERR=0x0000000000000004
  TRAPNO=0x000000000000000e

Top of Stack: (sp=0x00007fff5a3611b0)
0x00007fff5a3611b0:   0000000000000000 00007fff5a361680
0x00007fff5a3611c0:   0000000000000c00 0000000000000000
0x00007fff5a3611d0:   00007fff5a3618b0 0000000000000d03
0x00007fff5a3611e0:   00007fff5a3611f0 00007fff8c387bba
0x00007fff5a3611f0:   00007fff5a361780 0000000000015c00
0x00007fff5a361200:   00015d0091a1b958 00007fff94e582d0
0x00007fff5a361210:   0100001f00000085 00007fff8c1509aa
0x00007fff5a361220:   0000000010004005 00000000ffffffff
0x00007fff5a361230:   00007fff5a361738 0000000000000000
0x00007fff5a361240:   00007fff5a3618b0 0000000007000806
0x00007fff5a361250:   00007fff5a361780 00007fff5a361738
0x00007fff5a361260:   0000000000000d03 00000000ffffffff
0x00007fff5a361270:   0000000000000c00 0000000000000206
0x00007fff5a361280:   0000000000000c00 0000000000000000
0x00007fff5a361290:   00007fff5a3618b0 0000000000000d03
0x00007fff5a3612a0:   00007fff8c2a138a 0000000000000206
0x00007fff5a3612b0:   0000000000000007 0000000000000000
0x00007fff5a3612c0:   0000000000000000 0000000000000000
0x00007fff5a3612d0:   000000000000037f 0000000000000000
0x00007fff5a3612e0:   0000000000000000 0000ffff00001fa0
0x00007fff5a3612f0:   0000000000000000 000000000000ffff
0x00007fff5a361300:   0000000000000100 000000000000ffff
0x00007fff5a361310:   0000000000000000 0000000000000000
0x00007fff5a361320:   0000000000000000 0000000000000000
0x00007fff5a361330:   87bc000000000000 000000000000c00b
0x00007fff5a361340:   0000000000000000 0000000000000000
0x00007fff5a361350:   bb78000000000000 000000000000400b
0x00007fff5a361360:   0000000000000000 0000000000000000
0x00007fff5a361370:   41bef699560b17ce 0000000000000000
0x00007fff5a361380:   3fa62f9ca5bd944a 0000000000000000
0x00007fff5a361390:   c3de3f65a98c0a46 439c09a5673f5b9c
0x00007fff5a3613a0:   0000000000000000 0000000000000000 

Instructions: (pc=0x0000000106e6bc54)
0x0000000106e6bc34:   83 ec 08 48 89 d3 49 89 f6 e8 8c c1 13 00 44 8b
0x0000000106e6bc44:   38 48 8d 05 a4 20 3a 00 48 63 38 e8 4a c4 13 00
0x0000000106e6bc54:   4c 8b a0 28 01 00 00 41 83 7c 24 34 01 0f 85 e2
0x0000000106e6bc64:   00 00 00 49 89 5c 24 40 4d 89 74 24 38 49 8d 5c 

Register to memory mapping:

RAX=0x0000000000000000 is an unknown value
RBX=0x00007fff5a361680 is an unknown value
RCX=0x00007fff94fc2408: _thread+0x48 in /usr/lib/system/libsystem_pthread.dylib at 0x00007fff8c38e000
RDX=0x00007fff5a361680 is an unknown value
RSP=0x00007fff5a3611b0 is an unknown value
RBP=0x00007fff5a3611e0 is an unknown value
RSI=0x00007fff5a361618 is an unknown value
RDI=0x0000000000000103 is an unknown value
R8 =0x00007fff5a361680 is an unknown value
R9 =0x00000000ffffffff is an unknown value
R10=0x0000000000000c00 is an unknown value
R11=0x0000000000000206 is an unknown value
R12=0x0000000000000c00 is an unknown value
R13=0x0000000000000000 is an unknown value
R14=0x00007fff5a361618 is an unknown value
R15=0x0000000000000002 is an unknown value


Stack: [0x00007fff59b65000,0x00007fff5a365000],  sp=0x00007fff5a3611b0,  free space=8176k
Native frames: (J=compiled Java code, j=interpreted, Vv=VM code, C=native code)
V  [libjvm.dylib+0x46bc54]  SR_handler(int, __siginfo*, __darwin_ucontext*)+0x2e
C  [libsystem_platform.dylib+0x2bba]  _sigtramp+0x1a
C  0x0000000000015c00
C  [CoreFoundation+0x88c94]  __CFRunLoopServiceMachPort+0xd4
C  [CoreFoundation+0x88121]  __CFRunLoopRun+0x551
C  [CoreFoundation+0x87974]  CFRunLoopRunSpecific+0x1a4
C  [java+0x6490]  CreateExecutionEnvironment+0x367
C  [java+0x221c]  JLI_Launch+0x7a0
C  [java+0x84ed]  main+0x65
C  [java+0x1a74]  start+0x34


---------------  P R O C E S S  ---------------

VM state:not at safepoint (normal execution)

VM Mutex/Monitor currently owned by a thread: None

Heap:
 PSYoungGen      total 76288K, used 28845K [0x000000076ab00000, 0x0000000770000000, 0x00000007c0000000)
  eden space 65536K, 44% used [0x000000076ab00000,0x000000076c72b538,0x000000076eb00000)
  from space 10752K, 0% used [0x000000076f580000,0x000000076f580000,0x0000000770000000)
  to   space 10752K, 0% used [0x000000076eb00000,0x000000076eb00000,0x000000076f580000)
 ParOldGen       total 175104K, used 0K [0x00000006c0000000, 0x00000006cab00000, 0x000000076ab00000)
  object space 175104K, 0% used [0x00000006c0000000,0x00000006c0000000,0x00000006cab00000)
 Metaspace       used 7003K, capacity 8135K, committed 8320K, reserved 1056768K
  class space    used 1312K, capacity 1320K, committed 1408K, reserved 1048576K

Card table byte_map: [0x0000000107d29000,0x000000010852a000] byte_map_base: 0x0000000104729000

Marking Bits: (ParMarkBitMap*) 0x00000001072c27a0
 Begin Bits: [0x000000011d7fb000, 0x00000001217fb000)
 End Bits:   [0x00000001217fb000, 0x00000001257fb000)

Polling page: 0x000000010595b000

CodeCache: size=245760Kb used=1928Kb max_used=1928Kb free=243832Kb
 bounds [0x000000010e7fb000, 0x000000010ea6b000, 0x000000011d7fb000]
 total_blobs=777 nmethods=484 adapters=207
 compilation: enabled

Compilation events (10 events):
Event: 0.486 Thread 0x00007fbd6f819800  480       1       java.net.URLStreamHandler::equals (45 bytes)
Event: 0.486 Thread 0x00007fbd6f819800 nmethod 480 0x000000010e9db250 code [0x000000010e9db3c0, 0x000000010e9db598]
Event: 0.486 Thread 0x00007fbd6f819800  481       1       java.net.URLStreamHandler::sameFile (136 bytes)
Event: 0.487 Thread 0x00007fbd6f819800 nmethod 481 0x000000010e9db6d0 code [0x000000010e9db860, 0x000000010e9dbb08]
Event: 0.487 Thread 0x00007fbd6f819800  482       1       sun.net.www.protocol.file.Handler::hostsEqual (69 bytes)
Event: 0.487 Thread 0x00007fbd6f819800 nmethod 482 0x000000010e9dbcd0 code [0x000000010e9dbe80, 0x000000010e9dc0e8]
Event: 0.487 Thread 0x00007fbd6f819800  483       1       java.net.URLStreamHandler::hostsEqual (75 bytes)
Event: 0.488 Thread 0x00007fbd6f819800 nmethod 483 0x000000010e9dc250 code [0x000000010e9dc3e0, 0x000000010e9dc638]
Event: 0.488 Thread 0x00007fbd6f819800  484       1       java.security.CodeSource::matchCerts (254 bytes)
Event: 0.488 Thread 0x00007fbd6f819800 nmethod 484 0x000000010e9dc810 code [0x000000010e9dc9c0, 0x000000010e9dce58]

GC Heap History (0 events):
No events

Deoptimization events (0 events):
No events

Internal exceptions (8 events):
Event: 0.042 Thread 0x00007fbd6e801800 Exception <a 'java/lang/NoSuchMethodError': Method sun.misc.Unsafe.defineClass(Ljava/lang/String;[BII)Ljava/lang/Class; name or signature does not match> (0x000000076ab12af8) thrown at [/Users/java_re/workspace/8-2-build-macosx-x86_64/jdk8u45/3457/hotspot
Event: 0.042 Thread 0x00007fbd6e801800 Exception <a 'java/lang/NoSuchMethodError': Method sun.misc.Unsafe.prefetchRead(Ljava/lang/Object;J)V name or signature does not match> (0x000000076ab12d88) thrown at [/Users/java_re/workspace/8-2-build-macosx-x86_64/jdk8u45/3457/hotspot/src/share/vm/prim
Event: 0.081 Thread 0x00007fbd6e801800 Exception <a 'java/security/PrivilegedActionException'> (0x000000076ab9edd0) thrown at [/Users/java_re/workspace/8-2-build-macosx-x86_64/jdk8u45/3457/hotspot/src/share/vm/prims/jvm.cpp, line 1382]
Event: 0.081 Thread 0x00007fbd6e801800 Exception <a 'java/security/PrivilegedActionException'> (0x000000076ab9ef88) thrown at [/Users/java_re/workspace/8-2-build-macosx-x86_64/jdk8u45/3457/hotspot/src/share/vm/prims/jvm.cpp, line 1382]
Event: 0.179 Thread 0x00007fbd6e801800 Exception <a 'java/security/PrivilegedActionException'> (0x000000076b3dc9b0) thrown at [/Users/java_re/workspace/8-2-build-macosx-x86_64/jdk8u45/3457/hotspot/src/share/vm/prims/jvm.cpp, line 1382]
Event: 0.179 Thread 0x00007fbd6e801800 Exception <a 'java/security/PrivilegedActionException'> (0x000000076b3dcb68) thrown at [/Users/java_re/workspace/8-2-build-macosx-x86_64/jdk8u45/3457/hotspot/src/share/vm/prims/jvm.cpp, line 1382]
Event: 0.179 Thread 0x00007fbd6e801800 Exception <a 'java/security/PrivilegedActionException'> (0x000000076b3dfd58) thrown at [/Users/java_re/workspace/8-2-build-macosx-x86_64/jdk8u45/3457/hotspot/src/share/vm/prims/jvm.cpp, line 1382]
Event: 0.179 Thread 0x00007fbd6e801800 Exception <a 'java/security/PrivilegedActionException'> (0x000000076b3dff10) thrown at [/Users/java_re/workspace/8-2-build-macosx-x86_64/jdk8u45/3457/hotspot/src/share/vm/prims/jvm.cpp, line 1382]

Events (10 events):
Event: 0.503 loading class clojure/core$intern
Event: 0.503 loading class clojure/core$intern done
Event: 0.503 loading class clojure/core$while
Event: 0.503 loading class clojure/core$while done
Event: 0.504 loading class clojure/core$memoize
Event: 0.504 loading class clojure/core$memoize done
Event: 0.504 loading class clojure/core$condp
Event: 0.504 loading class clojure/core$condp done
Event: 0.505 loading class clojure/core$add_doc_and_meta
Event: 0.505 loading class clojure/core$add_doc_and_meta done


Dynamic libraries:
0x000000000187b000 	/System/Library/Frameworks/Cocoa.framework/Versions/A/Cocoa
0x000000000187b000 	/System/Library/Frameworks/Security.framework/Versions/A/Security
0x000000000187b000 	/System/Library/Frameworks/ApplicationServices.framework/Versions/A/ApplicationServices
0x000000000187b000 	/usr/lib/libz.1.dylib
0x000000000187b000 	/usr/lib/libSystem.B.dylib
0x000000000187b000 	/usr/lib/libobjc.A.dylib
0x000000000187b000 	/System/Library/Frameworks/CoreFoundation.framework/Versions/A/CoreFoundation
0x000000000187b000 	/System/Library/Frameworks/Foundation.framework/Versions/C/Foundation
0x000000000187b000 	/System/Library/Frameworks/AppKit.framework/Versions/C/AppKit
0x000000000187b000 	/System/Library/Frameworks/CoreData.framework/Versions/A/CoreData
0x000000000187b000 	/System/Library/PrivateFrameworks/RemoteViewServices.framework/Versions/A/RemoteViewServices
0x000000000187b000 	/System/Library/PrivateFrameworks/UIFoundation.framework/Versions/A/UIFoundation
0x000000000187b000 	/System/Library/PrivateFrameworks/DFRFoundation.framework/Versions/A/DFRFoundation
0x000000000187b000 	/usr/lib/libenergytrace.dylib
0x000000000187b000 	/System/Library/PrivateFrameworks/SkyLight.framework/Versions/A/SkyLight
0x000000000187b000 	/System/Library/Frameworks/CoreGraphics.framework/Versions/A/CoreGraphics
0x000000000187b000 	/usr/lib/libScreenReader.dylib
0x000000000187b000 	/System/Library/Frameworks/Accelerate.framework/Versions/A/Accelerate
0x000000000187b000 	/System/Library/Frameworks/IOSurface.framework/Versions/A/IOSurface
0x000000000187b000 	/System/Library/Frameworks/AudioToolbox.framework/Versions/A/AudioToolbox
0x000000000187b000 	/System/Library/Frameworks/AudioUnit.framework/Versions/A/AudioUnit
0x000000000187b000 	/System/Library/PrivateFrameworks/DataDetectorsCore.framework/Versions/A/DataDetectorsCore
0x000000000187b000 	/System/Library/PrivateFrameworks/DesktopServicesPriv.framework/Versions/A/DesktopServicesPriv
0x000000000187b000 	/System/Library/Frameworks/Carbon.framework/Versions/A/Frameworks/HIToolbox.framework/Versions/A/HIToolbox
0x000000000187b000 	/usr/lib/libicucore.A.dylib
0x000000000187b000 	/System/Library/Frameworks/QuartzCore.framework/Versions/A/QuartzCore
0x000000000187b000 	/System/Library/Frameworks/Carbon.framework/Versions/A/Frameworks/SpeechRecognition.framework/Versions/A/SpeechRecognition
0x000000000187b000 	/usr/lib/libauto.dylib
0x000000000187b000 	/usr/lib/libxml2.2.dylib
0x000000000187b000 	/System/Library/PrivateFrameworks/CoreUI.framework/Versions/A/CoreUI
0x000000000187b000 	/System/Library/Frameworks/CoreAudio.framework/Versions/A/CoreAudio
0x000000000187b000 	/System/Library/Frameworks/DiskArbitration.framework/Versions/A/DiskArbitration
0x000000000187b000 	/usr/lib/liblangid.dylib
0x000000000187b000 	/System/Library/PrivateFrameworks/MultitouchSupport.framework/Versions/A/MultitouchSupport
0x000000000187b000 	/System/Library/Frameworks/IOKit.framework/Versions/A/IOKit
0x000000000187b000 	/usr/lib/libDiagnosticMessagesClient.dylib
0x000000000187b000 	/System/Library/Frameworks/CoreServices.framework/Versions/A/CoreServices
0x000000000187b000 	/System/Library/PrivateFrameworks/PerformanceAnalysis.framework/Versions/A/PerformanceAnalysis
0x000000000187b000 	/System/Library/PrivateFrameworks/GenerationalStorage.framework/Versions/A/GenerationalStorage
0x000000000187b000 	/System/Library/Frameworks/OpenGL.framework/Versions/A/OpenGL
0x000000000187b000 	/System/Library/Frameworks/CoreImage.framework/Versions/A/CoreImage
0x000000000187b000 	/System/Library/Frameworks/CoreText.framework/Versions/A/CoreText
0x000000000187b000 	/System/Library/Frameworks/ImageIO.framework/Versions/A/ImageIO
0x000000000187b000 	/System/Library/PrivateFrameworks/Backup.framework/Versions/A/Backup
0x000000000187b000 	/usr/lib/libarchive.2.dylib
0x000000000187b000 	/System/Library/Frameworks/CFNetwork.framework/Versions/A/CFNetwork
0x000000000187b000 	/System/Library/Frameworks/SystemConfiguration.framework/Versions/A/SystemConfiguration
0x000000000187b000 	/usr/lib/libCRFSuite.dylib
0x000000000187b000 	/usr/lib/libc++.1.dylib
0x000000000187b000 	/usr/lib/libc++abi.dylib
0x000000000187b000 	/usr/lib/system/libcache.dylib
0x000000000187b000 	/usr/lib/system/libcommonCrypto.dylib
0x000000000187b000 	/usr/lib/system/libcompiler_rt.dylib
0x000000000187b000 	/usr/lib/system/libcopyfile.dylib
0x000000000187b000 	/usr/lib/system/libcorecrypto.dylib
0x000000000187b000 	/usr/lib/system/libdispatch.dylib
0x000000000187b000 	/usr/lib/system/libdyld.dylib
0x000000000187b000 	/usr/lib/system/libkeymgr.dylib
0x000000000187b000 	/usr/lib/system/liblaunch.dylib
0x000000000187b000 	/usr/lib/system/libmacho.dylib
0x000000000187b000 	/usr/lib/system/libquarantine.dylib
0x000000000187b000 	/usr/lib/system/libremovefile.dylib
0x000000000187b000 	/usr/lib/system/libsystem_asl.dylib
0x000000000187b000 	/usr/lib/system/libsystem_blocks.dylib
0x000000000187b000 	/usr/lib/system/libsystem_c.dylib
0x000000000187b000 	/usr/lib/system/libsystem_configuration.dylib
0x000000000187b000 	/usr/lib/system/libsystem_coreservices.dylib
0x000000000187b000 	/usr/lib/system/libsystem_coretls.dylib
0x000000000187b000 	/usr/lib/system/libsystem_dnssd.dylib
0x000000000187b000 	/usr/lib/system/libsystem_info.dylib
0x000000000187b000 	/usr/lib/system/libsystem_kernel.dylib
0x000000000187b000 	/usr/lib/system/libsystem_m.dylib
0x000000000187b000 	/usr/lib/system/libsystem_malloc.dylib
0x000000000187b000 	/usr/lib/system/libsystem_network.dylib
0x000000000187b000 	/usr/lib/system/libsystem_networkextension.dylib
0x000000000187b000 	/usr/lib/system/libsystem_notify.dylib
0x000000000187b000 	/usr/lib/system/libsystem_platform.dylib
0x000000000187b000 	/usr/lib/system/libsystem_pthread.dylib
0x000000000187b000 	/usr/lib/system/libsystem_sandbox.dylib
0x000000000187b000 	/usr/lib/system/libsystem_secinit.dylib
0x000000000187b000 	/usr/lib/system/libsystem_symptoms.dylib
0x000000000187b000 	/usr/lib/system/libsystem_trace.dylib
0x000000000187b000 	/usr/lib/system/libunwind.dylib
0x000000000187b000 	/usr/lib/system/libxpc.dylib
0x000000000187b000 	/usr/lib/libbsm.0.dylib
0x000000000187b000 	/usr/lib/system/libkxld.dylib
0x000000000187b000 	/usr/lib/libcoretls.dylib
0x000000000187b000 	/usr/lib/libcoretls_cfhelpers.dylib
0x000000000187b000 	/usr/lib/libxar.1.dylib
0x000000000187b000 	/usr/lib/libsqlite3.dylib
0x000000000187b000 	/usr/lib/libpam.2.dylib
0x000000000187b000 	/usr/lib/libOpenScriptingUtil.dylib
0x000000000187b000 	/usr/lib/libbz2.1.0.dylib
0x000000000187b000 	/usr/lib/liblzma.5.dylib
0x000000000187b000 	/usr/lib/libnetwork.dylib
0x000000000187b000 	/usr/lib/libpcap.A.dylib
0x000000000187b000 	/System/Library/Frameworks/CoreServices.framework/Versions/A/Frameworks/FSEvents.framework/Versions/A/FSEvents
0x000000000187b000 	/System/Library/Frameworks/CoreServices.framework/Versions/A/Frameworks/CarbonCore.framework/Versions/A/CarbonCore
0x000000000187b000 	/System/Library/Frameworks/CoreServices.framework/Versions/A/Frameworks/Metadata.framework/Versions/A/Metadata
0x000000000187b000 	/System/Library/Frameworks/CoreServices.framework/Versions/A/Frameworks/OSServices.framework/Versions/A/OSServices
0x000000000187b000 	/System/Library/Frameworks/CoreServices.framework/Versions/A/Frameworks/SearchKit.framework/Versions/A/SearchKit
0x000000000187b000 	/System/Library/Frameworks/CoreServices.framework/Versions/A/Frameworks/AE.framework/Versions/A/AE
0x000000000187b000 	/System/Library/Frameworks/CoreServices.framework/Versions/A/Frameworks/LaunchServices.framework/Versions/A/LaunchServices
0x000000000187b000 	/System/Library/Frameworks/CoreServices.framework/Versions/A/Frameworks/DictionaryServices.framework/Versions/A/DictionaryServices
0x000000000187b000 	/System/Library/Frameworks/CoreServices.framework/Versions/A/Frameworks/SharedFileList.framework/Versions/A/SharedFileList
0x000000000187b000 	/System/Library/Frameworks/NetFS.framework/Versions/A/NetFS
0x000000000187b000 	/System/Library/PrivateFrameworks/NetAuth.framework/Versions/A/NetAuth
0x000000000187b000 	/System/Library/PrivateFrameworks/login.framework/Versions/A/Frameworks/loginsupport.framework/Versions/A/loginsupport
0x000000000187b000 	/System/Library/PrivateFrameworks/TCC.framework/Versions/A/TCC
0x000000000187b000 	/usr/lib/libmecabra.dylib
0x000000000187b000 	/System/Library/Frameworks/ApplicationServices.framework/Versions/A/Frameworks/ATS.framework/Versions/A/ATS
0x000000000187b000 	/System/Library/Frameworks/ApplicationServices.framework/Versions/A/Frameworks/ColorSync.framework/Versions/A/ColorSync
0x000000000187b000 	/System/Library/Frameworks/ApplicationServices.framework/Versions/A/Frameworks/HIServices.framework/Versions/A/HIServices
0x000000000187b000 	/System/Library/Frameworks/ApplicationServices.framework/Versions/A/Frameworks/LangAnalysis.framework/Versions/A/LangAnalysis
0x000000000187b000 	/System/Library/Frameworks/ApplicationServices.framework/Versions/A/Frameworks/PrintCore.framework/Versions/A/PrintCore
0x000000000187b000 	/System/Library/Frameworks/ApplicationServices.framework/Versions/A/Frameworks/QD.framework/Versions/A/QD
0x000000000187b000 	/System/Library/Frameworks/ApplicationServices.framework/Versions/A/Frameworks/SpeechSynthesis.framework/Versions/A/SpeechSynthesis
0x000000000187b000 	/System/Library/Frameworks/Accelerate.framework/Versions/A/Frameworks/vImage.framework/Versions/A/vImage
0x000000000187b000 	/System/Library/Frameworks/Accelerate.framework/Versions/A/Frameworks/vecLib.framework/Versions/A/vecLib
0x000000000187b000 	/System/Library/Frameworks/Accelerate.framework/Versions/A/Frameworks/vecLib.framework/Versions/A/libvDSP.dylib
0x000000000187b000 	/System/Library/Frameworks/Accelerate.framework/Versions/A/Frameworks/vecLib.framework/Versions/A/libBNNS.dylib
0x000000000187b000 	/System/Library/Frameworks/Accelerate.framework/Versions/A/Frameworks/vecLib.framework/Versions/A/libQuadrature.dylib
0x000000000187b000 	/System/Library/Frameworks/Accelerate.framework/Versions/A/Frameworks/vecLib.framework/Versions/A/libvMisc.dylib
0x000000000187b000 	/System/Library/Frameworks/Accelerate.framework/Versions/A/Frameworks/vecLib.framework/Versions/A/libLAPACK.dylib
0x000000000187b000 	/System/Library/Frameworks/Accelerate.framework/Versions/A/Frameworks/vecLib.framework/Versions/A/libBLAS.dylib
0x000000000187b000 	/System/Library/Frameworks/Accelerate.framework/Versions/A/Frameworks/vecLib.framework/Versions/A/libLinearAlgebra.dylib
0x000000000187b000 	/System/Library/Frameworks/Accelerate.framework/Versions/A/Frameworks/vecLib.framework/Versions/A/libSparseBLAS.dylib
0x000000000187b000 	/System/Library/Frameworks/ApplicationServices.framework/Versions/A/Frameworks/ATS.framework/Versions/A/Resources/libFontParser.dylib
0x000000000187b000 	/System/Library/Frameworks/ApplicationServices.framework/Versions/A/Frameworks/ATS.framework/Versions/A/Resources/libFontRegistry.dylib
0x000000000187b000 	/System/Library/Frameworks/ImageIO.framework/Versions/A/Resources/libJPEG.dylib
0x000000000187b000 	/System/Library/Frameworks/ImageIO.framework/Versions/A/Resources/libTIFF.dylib
0x000000000187b000 	/System/Library/Frameworks/ImageIO.framework/Versions/A/Resources/libPng.dylib
0x000000000187b000 	/System/Library/Frameworks/ImageIO.framework/Versions/A/Resources/libGIF.dylib
0x000000000187b000 	/System/Library/Frameworks/ImageIO.framework/Versions/A/Resources/libJP2.dylib
0x000000000187b000 	/System/Library/Frameworks/ImageIO.framework/Versions/A/Resources/libRadiance.dylib
0x000000000187b000 	/usr/lib/libcompression.dylib
0x000000000187b000 	/System/Library/PrivateFrameworks/AppleJPEG.framework/Versions/A/AppleJPEG
0x000000000187b000 	/usr/lib/libcups.2.dylib
0x000000000187b000 	/System/Library/Frameworks/Kerberos.framework/Versions/A/Kerberos
0x000000000187b000 	/System/Library/Frameworks/GSS.framework/Versions/A/GSS
0x000000000187b000 	/usr/lib/libresolv.9.dylib
0x000000000187b000 	/usr/lib/libiconv.2.dylib
0x000000000187b000 	/System/Library/PrivateFrameworks/Heimdal.framework/Versions/A/Heimdal
0x000000000187b000 	/usr/lib/libheimdal-asn1.dylib
0x000000000187b000 	/System/Library/Frameworks/OpenDirectory.framework/Versions/A/OpenDirectory
0x000000000187b000 	/System/Library/PrivateFrameworks/CommonAuth.framework/Versions/A/CommonAuth
0x000000000187b000 	/System/Library/Frameworks/OpenDirectory.framework/Versions/A/Frameworks/CFOpenDirectory.framework/Versions/A/CFOpenDirectory
0x000000000187b000 	/System/Library/Frameworks/SecurityFoundation.framework/Versions/A/SecurityFoundation
0x000000000187b000 	/System/Library/PrivateFrameworks/LanguageModeling.framework/Versions/A/LanguageModeling
0x000000000187b000 	/usr/lib/libmarisa.dylib
0x000000000187b000 	/usr/lib/libChineseTokenizer.dylib
0x000000000187b000 	/usr/lib/libcmph.dylib
0x000000000187b000 	/System/Library/PrivateFrameworks/CoreEmoji.framework/Versions/A/CoreEmoji
0x000000000187b000 	/System/Library/Frameworks/ServiceManagement.framework/Versions/A/ServiceManagement
0x000000000187b000 	/usr/lib/libxslt.1.dylib
0x000000000187b000 	/System/Library/Frameworks/Carbon.framework/Versions/A/Frameworks/Ink.framework/Versions/A/Ink
0x000000000187b000 	/System/Library/PrivateFrameworks/TextureIO.framework/Versions/A/TextureIO
0x000000000187b000 	/System/Library/Frameworks/Metal.framework/Versions/A/Metal
0x000000000187b000 	/usr/lib/libate.dylib
0x000000000187b000 	/System/Library/PrivateFrameworks/GPUCompiler.framework/libmetal_timestamp.dylib
0x000000000187b000 	/System/Library/Frameworks/OpenGL.framework/Versions/A/Libraries/libCoreFSCache.dylib
0x000000000187b000 	/System/Library/PrivateFrameworks/IOAccelerator.framework/Versions/A/IOAccelerator
0x000000000187b000 	/System/Library/Frameworks/CoreVideo.framework/Versions/A/CoreVideo
0x000000000187b000 	/usr/lib/libFosl_dynamic.dylib
0x000000000187b000 	/System/Library/PrivateFrameworks/MetalPerformanceShaders.framework/Versions/A/MetalPerformanceShaders
0x000000000187b000 	/System/Library/PrivateFrameworks/FaceCore.framework/Versions/A/FaceCore
0x000000000187b000 	/System/Library/Frameworks/OpenCL.framework/Versions/A/OpenCL
0x000000000187b000 	/System/Library/Frameworks/OpenGL.framework/Versions/A/Libraries/libGLU.dylib
0x000000000187b000 	/System/Library/Frameworks/OpenGL.framework/Versions/A/Libraries/libGFXShared.dylib
0x000000000187b000 	/System/Library/Frameworks/OpenGL.framework/Versions/A/Libraries/libGL.dylib
0x000000000187b000 	/System/Library/Frameworks/OpenGL.framework/Versions/A/Libraries/libGLImage.dylib
0x000000000187b000 	/System/Library/Frameworks/OpenGL.framework/Versions/A/Libraries/libCVMSPluginSupport.dylib
0x000000000187b000 	/System/Library/Frameworks/OpenGL.framework/Versions/A/Libraries/libCoreVMClient.dylib
0x000000000187b000 	/System/Library/PrivateFrameworks/CrashReporterSupport.framework/Versions/A/CrashReporterSupport
0x000000000187b000 	/System/Library/PrivateFrameworks/Sharing.framework/Versions/A/Sharing
0x000000000187b000 	/System/Library/PrivateFrameworks/IconServices.framework/Versions/A/IconServices
0x000000000187b000 	/System/Library/PrivateFrameworks/ProtocolBuffer.framework/Versions/A/ProtocolBuffer
0x000000000187b000 	/System/Library/PrivateFrameworks/Apple80211.framework/Versions/A/Apple80211
0x000000000187b000 	/System/Library/Frameworks/CoreWLAN.framework/Versions/A/CoreWLAN
0x000000000187b000 	/System/Library/PrivateFrameworks/CoreUtils.framework/Versions/A/CoreUtils
0x000000000187b000 	/System/Library/Frameworks/IOBluetooth.framework/Versions/A/IOBluetooth
0x000000000187b000 	/System/Library/PrivateFrameworks/CoreWiFi.framework/Versions/A/CoreWiFi
0x000000000187b000 	/System/Library/Frameworks/CoreBluetooth.framework/Versions/A/CoreBluetooth
0x000000000187b000 	/System/Library/Frameworks/CoreDisplay.framework/Versions/A/CoreDisplay
0x000000000187b000 	/System/Library/PrivateFrameworks/IOPresentment.framework/Versions/A/IOPresentment
0x000000000187b000 	/System/Library/PrivateFrameworks/DebugSymbols.framework/Versions/A/DebugSymbols
0x000000000187b000 	/System/Library/PrivateFrameworks/CoreSymbolication.framework/Versions/A/CoreSymbolication
0x000000000187b000 	/System/Library/PrivateFrameworks/Symbolication.framework/Versions/A/Symbolication
0x000000000187b000 	/System/Library/PrivateFrameworks/AppleFSCompression.framework/Versions/A/AppleFSCompression
0x000000000187b000 	/System/Library/PrivateFrameworks/SpeechRecognitionCore.framework/Versions/A/SpeechRecognitionCore
0x000000000187b000 	/System/Library/PrivateFrameworks/ChunkingLibrary.framework/Versions/A/ChunkingLibrary
0x0000000106a00000 	/Library/Java/JavaVirtualMachines/jdk1.8.0_45.jdk/Contents/Home/jre/lib/server/libjvm.dylib
0x000000000187b000 	/usr/lib/libstdc++.6.dylib
0x0000000105918000 	/Library/Java/JavaVirtualMachines/jdk1.8.0_45.jdk/Contents/Home/jre/lib/libverify.dylib
0x0000000105926000 	/Library/Java/JavaVirtualMachines/jdk1.8.0_45.jdk/Contents/Home/jre/lib/libjava.dylib
0x0000000105965000 	/Library/Java/JavaVirtualMachines/jdk1.8.0_45.jdk/Contents/Home/jre/lib/libzip.dylib
0x000000010b9a6000 	/System/Library/Frameworks/JavaVM.framework/Frameworks/JavaRuntimeSupport.framework/JavaRuntimeSupport
0x00000001059e7000 	/System/Library/Frameworks/JavaVM.framework/Versions/A/Frameworks/JavaNativeFoundation.framework/Versions/A/JavaNativeFoundation
0x000000010b9c0000 	/System/Library/Frameworks/JavaVM.framework/Versions/A/JavaVM
0x000000000187b000 	/System/Library/Frameworks/Carbon.framework/Versions/A/Carbon
0x000000010b9cd000 	/System/Library/PrivateFrameworks/JavaLaunching.framework/Versions/A/JavaLaunching
0x000000000187b000 	/System/Library/Frameworks/Carbon.framework/Versions/A/Frameworks/CommonPanels.framework/Versions/A/CommonPanels
0x000000000187b000 	/System/Library/Frameworks/Carbon.framework/Versions/A/Frameworks/Help.framework/Versions/A/Help
0x000000000187b000 	/System/Library/Frameworks/Carbon.framework/Versions/A/Frameworks/ImageCapture.framework/Versions/A/ImageCapture
0x000000000187b000 	/System/Library/Frameworks/Carbon.framework/Versions/A/Frameworks/OpenScripting.framework/Versions/A/OpenScripting
0x000000000187b000 	/System/Library/Frameworks/Carbon.framework/Versions/A/Frameworks/Print.framework/Versions/A/Print
0x000000000187b000 	/System/Library/Frameworks/Carbon.framework/Versions/A/Frameworks/SecurityHI.framework/Versions/A/SecurityHI

VM Arguments:
jvm_args: -Dfile.encoding=UTF-8 -XX:+TieredCompilation -XX:TieredStopAtLevel=1 -XX:-OmitStackTraceInFastThrow -Dclojure.compile.path=/Users/lukasgin/liip/clojure/clojure-for-true-brave/hello-world/target/base+system+user+dev/classes -Dhello-world.version=0.1.0-SNAPSHOT -Dclojure.debug=false 
java_command: clojure.main -i /private/var/folders/_v/s1yk42154cb5jw2q7q11l8440000gn/T/form-init1054313947877552517.clj
java_class_path (initial): /Users/lukasgin/liip/clojure/clojure-for-true-brave/hello-world/test:/Users/lukasgin/liip/clojure/clojure-for-true-brave/hello-world/src:/Users/lukasgin/liip/clojure/clojure-for-true-brave/hello-world/dev-resources:/Users/lukasgin/liip/clojure/clojure-for-true-brave/hello-world/resources:/Users/lukasgin/liip/clojure/clojure-for-true-brave/hello-world/target/base+system+user+dev/classes:/Users/lukasgin/.m2/repository/org/clojure/clojure/1.8.0/clojure-1.8.0.jar:/Users/lukasgin/.m2/repository/org/clojure/tools.nrepl/0.2.12/tools.nrepl-0.2.12.jar:/Users/lukasgin/.m2/repository/clojure-complete/clojure-complete/0.2.4/clojure-complete-0.2.4.jar
Launcher Type: SUN_STANDARD

Environment Variables:
JAVA_HOME=/Library/Java/JavaVirtualMachines/jdk1.8.0_45.jdk/Contents/Home
PATH=/usr/local/opt/openssl/include:/usr/local/opt/openssl/lib:/usr/local/sbin:/Users/lukasgin/.local/bin:/Users/lukasgin/torch/install/bin:/Users/lukasgin/.platformsh/bin:/Users/lukasgin/Library/Android/sdk/tools:/Users/lukasgin/Library/Android/sdk/platform-tools:/Users/lukasgin/.pyenv/shims:/Users/lukasgin/.nvm/versions/node/v6.5.0/bin:/Users/lukasgin/.pyenv/versions/3.5.2/bin:/usr/local/Cellar/pyenv/1.0.3/libexec:/usr/local/opt/openssl/include:/usr/local/opt/openssl/lib:/usr/local/sbin:/Users/lukasgin/.local/bin:/Users/lukasgin/torch/install/bin:/Users/lukasgin/.platformsh/bin:/Users/lukasgin/Library/Android/sdk/tools:/Users/lukasgin/Library/Android/sdk/platform-tools:/Users/lukasgin/.pyenv/shims:/Users/lukasgin/liip/Go/bin:/usr/local/bin:/usr/bin:/bin:/usr/sbin:/sbin:/opt/X11/bin:/usr/local/share/dotnet:/usr/local/MacGPG2/bin:/Library/Frameworks/Mono.framework/Versions/Current/Commands:/Library/TeX/texbin:/Users/lukasgin/liip/Go/bin
SHELL=/usr/local/bin/bash
DISPLAY=/private/tmp/com.apple.launchd.L8w4u7cVoj/org.macosforge.xquartz:0

Signal Handlers:
SIGSEGV: [libjvm.dylib+0x58ef95], sa_mask[0]=11111111011111110111111111111111, sa_flags=SA_ONSTACK|SA_RESTART|SA_SIGINFO
SIGBUS: [libjvm.dylib+0x58ef95], sa_mask[0]=11111111011111110111111111111111, sa_flags=SA_RESTART|SA_SIGINFO
SIGFPE: [libjvm.dylib+0x46c108], sa_mask[0]=11111111011111110111111111111111, sa_flags=SA_RESTART|SA_SIGINFO
SIGPIPE: [libjvm.dylib+0x46c108], sa_mask[0]=11111111011111110111111111111111, sa_flags=SA_RESTART|SA_SIGINFO
SIGXFSZ: [libjvm.dylib+0x46c108], sa_mask[0]=11111111011111110111111111111111, sa_flags=SA_RESTART|SA_SIGINFO
SIGILL: [libjvm.dylib+0x46c108], sa_mask[0]=11111111011111110111111111111111, sa_flags=SA_RESTART|SA_SIGINFO
SIGUSR1: SIG_DFL, sa_mask[0]=11011111011111100000000111000110, sa_flags=none
SIGUSR2: [libjvm.dylib+0x46bc26], sa_mask[0]=00100000000000000000000000000000, sa_flags=SA_RESTART|SA_SIGINFO
SIGHUP: [libjvm.dylib+0x46a1f9], sa_mask[0]=11111111011111110111111111111111, sa_flags=SA_RESTART|SA_SIGINFO
SIGINT: [libjvm.dylib+0x46a1f9], sa_mask[0]=11111111011111110111111111111111, sa_flags=SA_RESTART|SA_SIGINFO
SIGTERM: [libjvm.dylib+0x46a1f9], sa_mask[0]=11111111011111110111111111111111, sa_flags=SA_RESTART|SA_SIGINFO
SIGQUIT: [libjvm.dylib+0x46a1f9], sa_mask[0]=11111111011111110111111111111111, sa_flags=SA_RESTART|SA_SIGINFO


---------------  S Y S T E M  ---------------

OS:Bsduname:Darwin 16.4.0 Darwin Kernel Version 16.4.0: Thu Dec 22 22:53:21 PST 2016; root:xnu-3789.41.3~3/RELEASE_X86_64 x86_64
rlimit: STACK 8192k, CORE 0k, NPROC 709, NOFILE 10240, AS infinity
load average:2.40 2.57 2.47

CPU:total 8 (4 cores per cpu, 2 threads per core) family 6 model 70 stepping 1, cmov, cx8, fxsr, mmx, sse, sse2, sse3, ssse3, sse4.1, sse4.2, popcnt, avx, avx2, aes, clmul, erms, lzcnt, ht, tsc, tscinvbit, bmi1, bmi2

Memory: 4k page, physical 16777216k(17480k free)

/proc/meminfo:


vm_info: Java HotSpot(TM) 64-Bit Server VM (25.45-b02) for bsd-amd64 JRE (1.8.0_45-b14), built on Apr 10 2015 10:46:38 by "java_re" with gcc 4.2.1 (Based on Apple Inc. build 5658) (LLVM build 2336.11.00)

time: Sun Jun 18 13:19:50 2017
elapsed time: 0 seconds (0d 0h 0m 0s)

