#
# A fatal error has been detected by the Java Runtime Environment:
#
#  SIGSEGV (0xb) at pc=0x0000000101e6bc54, pid=86470, tid=775
#
# JRE version: Java(TM) SE Runtime Environment (8.0_45-b14) (build 1.8.0_45-b14)
# Java VM: Java HotSpot(TM) 64-Bit Server VM (25.45-b02 mixed mode bsd-amd64 compressed oops)
# Problematic frame:
# V  [libjvm.dylib+0x46bc54]  SR_handler(int, __siginfo*, __darwin_ucontext*)+0x2e
#
# Failed to write core dump. Core dumps have been disabled. To enable core dumping, try "ulimit -c unlimited" before starting Java again
#
# If you would like to submit a bug report, please visit:
#   http://bugreport.java.com/bugreport/crash.jsp
#

---------------  T H R E A D  ---------------

Current thread is native thread

siginfo: si_signo: 11 (SIGSEGV), si_code: 1 (SEGV_MAPERR), si_addr: 0x0000000000000128

Registers:
RAX=0x0000000000000000, RBX=0x00007fff5f41f8e0, RCX=0x00007fff94fc2408, RDX=0x00007fff5f41f8e0
RSP=0x00007fff5f41f410, RBP=0x00007fff5f41f440, RSI=0x00007fff5f41f878, RDI=0x0000000000000103
R8 =0x00007fff5f41f8e0, R9 =0x00000000ffffffff, R10=0x0000000000000c00, R11=0x0000000000000206
R12=0x0000000000000c00, R13=0x0000000000000000, R14=0x00007fff5f41f878, R15=0x0000000000000002
RIP=0x0000000101e6bc54, EFLAGS=0x0000000000010202, ERR=0x0000000000000004
  TRAPNO=0x000000000000000e

Top of Stack: (sp=0x00007fff5f41f410)
0x00007fff5f41f410:   0000000000000000 00007fff5f41f8e0
0x00007fff5f41f420:   0000000000000c00 0000000000000000
0x00007fff5f41f430:   00007fff5f41fb10 0000000000000d03
0x00007fff5f41f440:   00007fff5f41f450 00007fff8c387bba
0x00007fff5f41f450:   00007fff5f41f9e0 0000000000013f00
0x00007fff5f41f460:   0001400091a1b958 00007fff94e582d0
0x00007fff5f41f470:   0100001f00000085 00007fff8c1509aa
0x00007fff5f41f480:   0000000010004005 00000000ffffffff
0x00007fff5f41f490:   00007fff5f41f998 0000000000000000
0x00007fff5f41f4a0:   00007fff5f41fb10 0000000007000806
0x00007fff5f41f4b0:   00007fff5f41f9e0 00007fff5f41f998
0x00007fff5f41f4c0:   0000000000000d03 00000000ffffffff
0x00007fff5f41f4d0:   0000000000000c00 0000000000000206
0x00007fff5f41f4e0:   0000000000000c00 0000000000000000
0x00007fff5f41f4f0:   00007fff5f41fb10 0000000000000d03
0x00007fff5f41f500:   00007fff8c2a138a 0000000000000206
0x00007fff5f41f510:   0000000000000007 0000000000000000
0x00007fff5f41f520:   0000000000000000 0000000000000000
0x00007fff5f41f530:   000000000000037f 0000000000000000
0x00007fff5f41f540:   0000000000000000 0000ffff00001fa0
0x00007fff5f41f550:   0000000000000000 000000000000ffff
0x00007fff5f41f560:   0000000000000100 000000000000ffff
0x00007fff5f41f570:   0000000000000000 0000000000000000
0x00007fff5f41f580:   0000000000000000 0000000000000000
0x00007fff5f41f590:   87bc000000000000 000000000000c00b
0x00007fff5f41f5a0:   0000000000000000 0000000000000000
0x00007fff5f41f5b0:   bb78000000000000 000000000000400b
0x00007fff5f41f5c0:   0000000000000000 0000000000000000
0x00007fff5f41f5d0:   41bef69954b07ebf 0000000000000000
0x00007fff5f41f5e0:   3fe60fd7e45803cd 0000000000000000
0x00007fff5f41f5f0:   c3de3f65a9a036fe 439c09a565fc9018
0x00007fff5f41f600:   0000000000000000 0000000000000000 

Instructions: (pc=0x0000000101e6bc54)
0x0000000101e6bc34:   83 ec 08 48 89 d3 49 89 f6 e8 8c c1 13 00 44 8b
0x0000000101e6bc44:   38 48 8d 05 a4 20 3a 00 48 63 38 e8 4a c4 13 00
0x0000000101e6bc54:   4c 8b a0 28 01 00 00 41 83 7c 24 34 01 0f 85 e2
0x0000000101e6bc64:   00 00 00 49 89 5c 24 40 4d 89 74 24 38 49 8d 5c 

Register to memory mapping:

RAX=0x0000000000000000 is an unknown value
RBX=0x00007fff5f41f8e0 is an unknown value
RCX=0x00007fff94fc2408: _thread+0x48 in /usr/lib/system/libsystem_pthread.dylib at 0x00007fff8c38e000
RDX=0x00007fff5f41f8e0 is an unknown value
RSP=0x00007fff5f41f410 is an unknown value
RBP=0x00007fff5f41f440 is an unknown value
RSI=0x00007fff5f41f878 is an unknown value
RDI=0x0000000000000103 is an unknown value
R8 =0x00007fff5f41f8e0 is an unknown value
R9 =0x00000000ffffffff is an unknown value
R10=0x0000000000000c00 is an unknown value
R11=0x0000000000000206 is an unknown value
R12=0x0000000000000c00 is an unknown value
R13=0x0000000000000000 is an unknown value
R14=0x00007fff5f41f878 is an unknown value
R15=0x0000000000000002 is an unknown value


Stack: [0x00007fff5ec23000,0x00007fff5f423000],  sp=0x00007fff5f41f410,  free space=8177k
Native frames: (J=compiled Java code, j=interpreted, Vv=VM code, C=native code)
V  [libjvm.dylib+0x46bc54]  SR_handler(int, __siginfo*, __darwin_ucontext*)+0x2e
C  [libsystem_platform.dylib+0x2bba]  _sigtramp+0x1a
C  0x0000000000013f00
C  [CoreFoundation+0x88c94]  __CFRunLoopServiceMachPort+0xd4
C  [CoreFoundation+0x88121]  __CFRunLoopRun+0x551
C  [CoreFoundation+0x87974]  CFRunLoopRunSpecific+0x1a4
C  [java+0x6490]  CreateExecutionEnvironment+0x367
C  [java+0x221c]  JLI_Launch+0x7a0
C  [java+0x84ed]  main+0x65
C  [java+0x1a74]  start+0x34


---------------  P R O C E S S  ---------------

VM state:not at safepoint (normal execution)

VM Mutex/Monitor currently owned by a thread: None

Heap:
 PSYoungGen      total 76288K, used 38804K [0x000000076ab00000, 0x0000000770000000, 0x00000007c0000000)
  eden space 65536K, 48% used [0x000000076ab00000,0x000000076ca151d0,0x000000076eb00000)
  from space 10752K, 64% used [0x000000076eb00000,0x000000076f1cfe80,0x000000076f580000)
  to   space 10752K, 0% used [0x000000076f580000,0x000000076f580000,0x0000000770000000)
 ParOldGen       total 175104K, used 24K [0x00000006c0000000, 0x00000006cab00000, 0x000000076ab00000)
  object space 175104K, 0% used [0x00000006c0000000,0x00000006c0006000,0x00000006cab00000)
 Metaspace       used 19785K, capacity 20698K, committed 20864K, reserved 1067008K
  class space    used 3883K, capacity 4186K, committed 4224K, reserved 1048576K

Card table byte_map: [0x0000000111d29000,0x000000011252a000] byte_map_base: 0x000000010e729000

Marking Bits: (ParMarkBitMap*) 0x00000001022c27a0
 Begin Bits: [0x0000000112a80000, 0x0000000116a80000)
 End Bits:   [0x0000000116a80000, 0x000000011aa80000)

Polling page: 0x0000000100868000

CodeCache: size=245760Kb used=4241Kb max_used=4241Kb free=241518Kb
 bounds [0x0000000102969000, 0x0000000102d99000, 0x0000000111969000]
 total_blobs=2162 nmethods=1787 adapters=287
 compilation: enabled

Compilation events (10 events):
Event: 1.332 Thread 0x00007fccba03b000 1778       1       java.lang.invoke.MemberName::getReferenceKind (12 bytes)
Event: 1.333 Thread 0x00007fccba03b000 nmethod 1778 0x0000000102d8a010 code [0x0000000102d8a160, 0x0000000102d8a270]
Event: 1.333 Thread 0x00007fccba03b000 1779       1       jdk.internal.org.objectweb.asm.ClassWriter::newClass (9 bytes)
Event: 1.333 Thread 0x00007fccba03b000 nmethod 1779 0x0000000102d8a2d0 code [0x0000000102d8a440, 0x0000000102d8a568]
Event: 1.333 Thread 0x00007fccba03b000 1780       1       java.lang.invoke.MethodType::insertParameterTypes (106 bytes)
Event: 1.334 Thread 0x00007fccba03b000 nmethod 1780 0x0000000102d8a790 code [0x0000000102d8a9a0, 0x0000000102d8b128]
Event: 1.334 Thread 0x00007fccba03b000 1782       1       java.util.concurrent.atomic.AtomicInteger::get (5 bytes)
Event: 1.334 Thread 0x00007fccba03b000 nmethod 1782 0x0000000102d8b790 code [0x0000000102d8b8e0, 0x0000000102d8b9f0]
Event: 1.335 Thread 0x00007fccba03b000 1783   !   1       java.util.Locale::getDefault (132 bytes)
Event: 1.335 Thread 0x00007fccba03b000 nmethod 1783 0x0000000102d8ba50 code [0x0000000102d8bc00, 0x0000000102d8c1d8]

GC Heap History (2 events):
Event: 0.969 GC heap before
{Heap before GC invocations=1 (full 0):
 PSYoungGen      total 76288K, used 65536K [0x000000076ab00000, 0x0000000770000000, 0x00000007c0000000)
  eden space 65536K, 100% used [0x000000076ab00000,0x000000076eb00000,0x000000076eb00000)
  from space 10752K, 0% used [0x000000076f580000,0x000000076f580000,0x0000000770000000)
  to   space 10752K, 0% used [0x000000076eb00000,0x000000076eb00000,0x000000076f580000)
 ParOldGen       total 175104K, used 0K [0x00000006c0000000, 0x00000006cab00000, 0x000000076ab00000)
  object space 175104K, 0% used [0x00000006c0000000,0x00000006c0000000,0x00000006cab00000)
 Metaspace       used 15393K, capacity 16072K, committed 16256K, reserved 1062912K
  class space    used 3106K, capacity 3353K, committed 3456K, reserved 1048576K
Event: 0.977 GC heap after
Heap after GC invocations=1 (full 0):
 PSYoungGen      total 76288K, used 6975K [0x000000076ab00000, 0x0000000770000000, 0x00000007c0000000)
  eden space 65536K, 0% used [0x000000076ab00000,0x000000076ab00000,0x000000076eb00000)
  from space 10752K, 64% used [0x000000076eb00000,0x000000076f1cfe80,0x000000076f580000)
  to   space 10752K, 0% used [0x000000076f580000,0x000000076f580000,0x0000000770000000)
 ParOldGen       total 175104K, used 24K [0x00000006c0000000, 0x00000006cab00000, 0x000000076ab00000)
  object space 175104K, 0% used [0x00000006c0000000,0x00000006c0006000,0x00000006cab00000)
 Metaspace       used 15393K, capacity 16072K, committed 16256K, reserved 1062912K
  class space    used 3106K, capacity 3353K, committed 3456K, reserved 1048576K
}

Deoptimization events (0 events):
No events

Internal exceptions (10 events):
Event: 1.172 Thread 0x00007fccb9803000 Exception <a 'java/lang/ClassNotFoundException': org/sonatype/aether/util/artifact/AbstractArtifactCustomizer> (0x000000076ba3cce0) thrown at [/Users/java_re/workspace/8-2-build-macosx-x86_64/jdk8u45/3457/hotspot/src/share/vm/classfile/systemDictionary.cp
Event: 1.172 Thread 0x00007fccb9803000 Exception <a 'java/lang/ArrayIndexOutOfBoundsException'> (0x000000076ba41140) thrown at [/Users/java_re/workspace/8-2-build-macosx-x86_64/jdk8u45/3457/hotspot/src/share/vm/runtime/sharedRuntime.cpp, line 605]
Event: 1.172 Thread 0x00007fccb9803000 Exception <a 'java/lang/ArrayIndexOutOfBoundsException'> (0x000000076ba42630) thrown at [/Users/java_re/workspace/8-2-build-macosx-x86_64/jdk8u45/3457/hotspot/src/share/vm/runtime/sharedRuntime.cpp, line 605]
Event: 1.172 Thread 0x00007fccb9803000 Exception <a 'java/lang/ClassNotFoundException': org/sonatype/aether/util/artifact/DefaultArtifactCustomizer> (0x000000076ba478d0) thrown at [/Users/java_re/workspace/8-2-build-macosx-x86_64/jdk8u45/3457/hotspot/src/share/vm/classfile/systemDictionary.cpp
Event: 1.172 Thread 0x00007fccb9803000 Exception <a 'java/lang/ArrayIndexOutOfBoundsException'> (0x000000076ba4a378) thrown at [/Users/java_re/workspace/8-2-build-macosx-x86_64/jdk8u45/3457/hotspot/src/share/vm/runtime/sharedRuntime.cpp, line 605]
Event: 1.172 Thread 0x00007fccb9803000 Exception <a 'java/lang/ArrayIndexOutOfBoundsException'> (0x000000076ba4c440) thrown at [/Users/java_re/workspace/8-2-build-macosx-x86_64/jdk8u45/3457/hotspot/src/share/vm/runtime/sharedRuntime.cpp, line 605]
Event: 1.175 Thread 0x00007fccb9803000 Exception <a 'java/lang/ClassNotFoundException': org/sonatype/aether/graph/ExclusionBeanInfo> (0x000000076ba89bd0) thrown at [/Users/java_re/workspace/8-2-build-macosx-x86_64/jdk8u45/3457/hotspot/src/share/vm/classfile/systemDictionary.cpp, line 210]
Event: 1.175 Thread 0x00007fccb9803000 Exception <a 'java/lang/ClassNotFoundException': org/sonatype/aether/graph/ExclusionCustomizer> (0x000000076ba8c8c8) thrown at [/Users/java_re/workspace/8-2-build-macosx-x86_64/jdk8u45/3457/hotspot/src/share/vm/classfile/systemDictionary.cpp, line 210]
Event: 1.299 Thread 0x00007fccb9803000 Exception <a 'java/lang/NoSuchFieldError': method resolution failed> (0x000000076c58fc58) thrown at [/Users/java_re/workspace/8-2-build-macosx-x86_64/jdk8u45/3457/hotspot/src/share/vm/prims/methodHandles.cpp, line 1125]
Event: 1.301 Thread 0x00007fccb9803000 Exception <a 'java/lang/NoSuchFieldError': method resolution failed> (0x000000076c59e868) thrown at [/Users/java_re/workspace/8-2-build-macosx-x86_64/jdk8u45/3457/hotspot/src/share/vm/prims/methodHandles.cpp, line 1125]

Events (10 events):
Event: 1.334 loading class leiningen/core/eval$sh$fn__5708
Event: 1.334 loading class leiningen/core/eval$sh$fn__5708 done
Event: 1.334 loading class com/hypirion/io/Pipe$PipeOutputStream
Event: 1.334 loading class com/hypirion/io/Pipe$PipeOutputStream done
Event: 1.334 Thread 0x00007fccb927f000 Thread added: 0x00007fccb927f000
Event: 1.334 Thread 0x00007fccb88df800 Thread added: 0x00007fccb88df800
Event: 1.334 Thread 0x00007fccb88f2800 Thread added: 0x00007fccb88f2800
Event: 1.334 loading class com/hypirion/io/ClosingPipe$OutCloser
Event: 1.335 loading class com/hypirion/io/ClosingPipe$OutCloser done
Event: 1.335 Thread 0x00007fccb9284000 Thread added: 0x00007fccb9284000


Dynamic libraries:
0x000000000187b000 	/System/Library/Frameworks/Cocoa.framework/Versions/A/Cocoa
0x000000000187b000 	/System/Library/Frameworks/Security.framework/Versions/A/Security
0x000000000187b000 	/System/Library/Frameworks/ApplicationServices.framework/Versions/A/ApplicationServices
0x000000000187b000 	/usr/lib/libz.1.dylib
0x000000000187b000 	/usr/lib/libSystem.B.dylib
0x000000000187b000 	/usr/lib/libobjc.A.dylib
0x000000000187b000 	/System/Library/Frameworks/CoreFoundation.framework/Versions/A/CoreFoundation
0x000000000187b000 	/System/Library/Frameworks/Foundation.framework/Versions/C/Foundation
0x000000000187b000 	/System/Library/Frameworks/AppKit.framework/Versions/C/AppKit
0x000000000187b000 	/System/Library/Frameworks/CoreData.framework/Versions/A/CoreData
0x000000000187b000 	/System/Library/PrivateFrameworks/RemoteViewServices.framework/Versions/A/RemoteViewServices
0x000000000187b000 	/System/Library/PrivateFrameworks/UIFoundation.framework/Versions/A/UIFoundation
0x000000000187b000 	/System/Library/PrivateFrameworks/DFRFoundation.framework/Versions/A/DFRFoundation
0x000000000187b000 	/usr/lib/libenergytrace.dylib
0x000000000187b000 	/System/Library/PrivateFrameworks/SkyLight.framework/Versions/A/SkyLight
0x000000000187b000 	/System/Library/Frameworks/CoreGraphics.framework/Versions/A/CoreGraphics
0x000000000187b000 	/usr/lib/libScreenReader.dylib
0x000000000187b000 	/System/Library/Frameworks/Accelerate.framework/Versions/A/Accelerate
0x000000000187b000 	/System/Library/Frameworks/IOSurface.framework/Versions/A/IOSurface
0x000000000187b000 	/System/Library/Frameworks/AudioToolbox.framework/Versions/A/AudioToolbox
0x000000000187b000 	/System/Library/Frameworks/AudioUnit.framework/Versions/A/AudioUnit
0x000000000187b000 	/System/Library/PrivateFrameworks/DataDetectorsCore.framework/Versions/A/DataDetectorsCore
0x000000000187b000 	/System/Library/PrivateFrameworks/DesktopServicesPriv.framework/Versions/A/DesktopServicesPriv
0x000000000187b000 	/System/Library/Frameworks/Carbon.framework/Versions/A/Frameworks/HIToolbox.framework/Versions/A/HIToolbox
0x000000000187b000 	/usr/lib/libicucore.A.dylib
0x000000000187b000 	/System/Library/Frameworks/QuartzCore.framework/Versions/A/QuartzCore
0x000000000187b000 	/System/Library/Frameworks/Carbon.framework/Versions/A/Frameworks/SpeechRecognition.framework/Versions/A/SpeechRecognition
0x000000000187b000 	/usr/lib/libauto.dylib
0x000000000187b000 	/usr/lib/libxml2.2.dylib
0x000000000187b000 	/System/Library/PrivateFrameworks/CoreUI.framework/Versions/A/CoreUI
0x000000000187b000 	/System/Library/Frameworks/CoreAudio.framework/Versions/A/CoreAudio
0x000000000187b000 	/System/Library/Frameworks/DiskArbitration.framework/Versions/A/DiskArbitration
0x000000000187b000 	/usr/lib/liblangid.dylib
0x000000000187b000 	/System/Library/PrivateFrameworks/MultitouchSupport.framework/Versions/A/MultitouchSupport
0x000000000187b000 	/System/Library/Frameworks/IOKit.framework/Versions/A/IOKit
0x000000000187b000 	/usr/lib/libDiagnosticMessagesClient.dylib
0x000000000187b000 	/System/Library/Frameworks/CoreServices.framework/Versions/A/CoreServices
0x000000000187b000 	/System/Library/PrivateFrameworks/PerformanceAnalysis.framework/Versions/A/PerformanceAnalysis
0x000000000187b000 	/System/Library/PrivateFrameworks/GenerationalStorage.framework/Versions/A/GenerationalStorage
0x000000000187b000 	/System/Library/Frameworks/OpenGL.framework/Versions/A/OpenGL
0x000000000187b000 	/System/Library/Frameworks/CoreImage.framework/Versions/A/CoreImage
0x000000000187b000 	/System/Library/Frameworks/CoreText.framework/Versions/A/CoreText
0x000000000187b000 	/System/Library/Frameworks/ImageIO.framework/Versions/A/ImageIO
0x000000000187b000 	/System/Library/PrivateFrameworks/Backup.framework/Versions/A/Backup
0x000000000187b000 	/usr/lib/libarchive.2.dylib
0x000000000187b000 	/System/Library/Frameworks/CFNetwork.framework/Versions/A/CFNetwork
0x000000000187b000 	/System/Library/Frameworks/SystemConfiguration.framework/Versions/A/SystemConfiguration
0x000000000187b000 	/usr/lib/libCRFSuite.dylib
0x000000000187b000 	/usr/lib/libc++.1.dylib
0x000000000187b000 	/usr/lib/libc++abi.dylib
0x000000000187b000 	/usr/lib/system/libcache.dylib
0x000000000187b000 	/usr/lib/system/libcommonCrypto.dylib
0x000000000187b000 	/usr/lib/system/libcompiler_rt.dylib
0x000000000187b000 	/usr/lib/system/libcopyfile.dylib
0x000000000187b000 	/usr/lib/system/libcorecrypto.dylib
0x000000000187b000 	/usr/lib/system/libdispatch.dylib
0x000000000187b000 	/usr/lib/system/libdyld.dylib
0x000000000187b000 	/usr/lib/system/libkeymgr.dylib
0x000000000187b000 	/usr/lib/system/liblaunch.dylib
0x000000000187b000 	/usr/lib/system/libmacho.dylib
0x000000000187b000 	/usr/lib/system/libquarantine.dylib
0x000000000187b000 	/usr/lib/system/libremovefile.dylib
0x000000000187b000 	/usr/lib/system/libsystem_asl.dylib
0x000000000187b000 	/usr/lib/system/libsystem_blocks.dylib
0x000000000187b000 	/usr/lib/system/libsystem_c.dylib
0x000000000187b000 	/usr/lib/system/libsystem_configuration.dylib
0x000000000187b000 	/usr/lib/system/libsystem_coreservices.dylib
0x000000000187b000 	/usr/lib/system/libsystem_coretls.dylib
0x000000000187b000 	/usr/lib/system/libsystem_dnssd.dylib
0x000000000187b000 	/usr/lib/system/libsystem_info.dylib
0x000000000187b000 	/usr/lib/system/libsystem_kernel.dylib
0x000000000187b000 	/usr/lib/system/libsystem_m.dylib
0x000000000187b000 	/usr/lib/system/libsystem_malloc.dylib
0x000000000187b000 	/usr/lib/system/libsystem_network.dylib
0x000000000187b000 	/usr/lib/system/libsystem_networkextension.dylib
0x000000000187b000 	/usr/lib/system/libsystem_notify.dylib
0x000000000187b000 	/usr/lib/system/libsystem_platform.dylib
0x000000000187b000 	/usr/lib/system/libsystem_pthread.dylib
0x000000000187b000 	/usr/lib/system/libsystem_sandbox.dylib
0x000000000187b000 	/usr/lib/system/libsystem_secinit.dylib
0x000000000187b000 	/usr/lib/system/libsystem_symptoms.dylib
0x000000000187b000 	/usr/lib/system/libsystem_trace.dylib
0x000000000187b000 	/usr/lib/system/libunwind.dylib
0x000000000187b000 	/usr/lib/system/libxpc.dylib
0x000000000187b000 	/usr/lib/libbsm.0.dylib
0x000000000187b000 	/usr/lib/system/libkxld.dylib
0x000000000187b000 	/usr/lib/libcoretls.dylib
0x000000000187b000 	/usr/lib/libcoretls_cfhelpers.dylib
0x000000000187b000 	/usr/lib/libxar.1.dylib
0x000000000187b000 	/usr/lib/libsqlite3.dylib
0x000000000187b000 	/usr/lib/libpam.2.dylib
0x000000000187b000 	/usr/lib/libOpenScriptingUtil.dylib
0x000000000187b000 	/usr/lib/libbz2.1.0.dylib
0x000000000187b000 	/usr/lib/liblzma.5.dylib
0x000000000187b000 	/usr/lib/libnetwork.dylib
0x000000000187b000 	/usr/lib/libpcap.A.dylib
0x000000000187b000 	/System/Library/Frameworks/CoreServices.framework/Versions/A/Frameworks/FSEvents.framework/Versions/A/FSEvents
0x000000000187b000 	/System/Library/Frameworks/CoreServices.framework/Versions/A/Frameworks/CarbonCore.framework/Versions/A/CarbonCore
0x000000000187b000 	/System/Library/Frameworks/CoreServices.framework/Versions/A/Frameworks/Metadata.framework/Versions/A/Metadata
0x000000000187b000 	/System/Library/Frameworks/CoreServices.framework/Versions/A/Frameworks/OSServices.framework/Versions/A/OSServices
0x000000000187b000 	/System/Library/Frameworks/CoreServices.framework/Versions/A/Frameworks/SearchKit.framework/Versions/A/SearchKit
0x000000000187b000 	/System/Library/Frameworks/CoreServices.framework/Versions/A/Frameworks/AE.framework/Versions/A/AE
0x000000000187b000 	/System/Library/Frameworks/CoreServices.framework/Versions/A/Frameworks/LaunchServices.framework/Versions/A/LaunchServices
0x000000000187b000 	/System/Library/Frameworks/CoreServices.framework/Versions/A/Frameworks/DictionaryServices.framework/Versions/A/DictionaryServices
0x000000000187b000 	/System/Library/Frameworks/CoreServices.framework/Versions/A/Frameworks/SharedFileList.framework/Versions/A/SharedFileList
0x000000000187b000 	/System/Library/Frameworks/NetFS.framework/Versions/A/NetFS
0x000000000187b000 	/System/Library/PrivateFrameworks/NetAuth.framework/Versions/A/NetAuth
0x000000000187b000 	/System/Library/PrivateFrameworks/login.framework/Versions/A/Frameworks/loginsupport.framework/Versions/A/loginsupport
0x000000000187b000 	/System/Library/PrivateFrameworks/TCC.framework/Versions/A/TCC
0x000000000187b000 	/usr/lib/libmecabra.dylib
0x000000000187b000 	/System/Library/Frameworks/ApplicationServices.framework/Versions/A/Frameworks/ATS.framework/Versions/A/ATS
0x000000000187b000 	/System/Library/Frameworks/ApplicationServices.framework/Versions/A/Frameworks/ColorSync.framework/Versions/A/ColorSync
0x000000000187b000 	/System/Library/Frameworks/ApplicationServices.framework/Versions/A/Frameworks/HIServices.framework/Versions/A/HIServices
0x000000000187b000 	/System/Library/Frameworks/ApplicationServices.framework/Versions/A/Frameworks/LangAnalysis.framework/Versions/A/LangAnalysis
0x000000000187b000 	/System/Library/Frameworks/ApplicationServices.framework/Versions/A/Frameworks/PrintCore.framework/Versions/A/PrintCore
0x000000000187b000 	/System/Library/Frameworks/ApplicationServices.framework/Versions/A/Frameworks/QD.framework/Versions/A/QD
0x000000000187b000 	/System/Library/Frameworks/ApplicationServices.framework/Versions/A/Frameworks/SpeechSynthesis.framework/Versions/A/SpeechSynthesis
0x000000000187b000 	/System/Library/Frameworks/Accelerate.framework/Versions/A/Frameworks/vImage.framework/Versions/A/vImage
0x000000000187b000 	/System/Library/Frameworks/Accelerate.framework/Versions/A/Frameworks/vecLib.framework/Versions/A/vecLib
0x000000000187b000 	/System/Library/Frameworks/Accelerate.framework/Versions/A/Frameworks/vecLib.framework/Versions/A/libvDSP.dylib
0x000000000187b000 	/System/Library/Frameworks/Accelerate.framework/Versions/A/Frameworks/vecLib.framework/Versions/A/libBNNS.dylib
0x000000000187b000 	/System/Library/Frameworks/Accelerate.framework/Versions/A/Frameworks/vecLib.framework/Versions/A/libQuadrature.dylib
0x000000000187b000 	/System/Library/Frameworks/Accelerate.framework/Versions/A/Frameworks/vecLib.framework/Versions/A/libvMisc.dylib
0x000000000187b000 	/System/Library/Frameworks/Accelerate.framework/Versions/A/Frameworks/vecLib.framework/Versions/A/libLAPACK.dylib
0x000000000187b000 	/System/Library/Frameworks/Accelerate.framework/Versions/A/Frameworks/vecLib.framework/Versions/A/libBLAS.dylib
0x000000000187b000 	/System/Library/Frameworks/Accelerate.framework/Versions/A/Frameworks/vecLib.framework/Versions/A/libLinearAlgebra.dylib
0x000000000187b000 	/System/Library/Frameworks/Accelerate.framework/Versions/A/Frameworks/vecLib.framework/Versions/A/libSparseBLAS.dylib
0x000000000187b000 	/System/Library/Frameworks/ApplicationServices.framework/Versions/A/Frameworks/ATS.framework/Versions/A/Resources/libFontParser.dylib
0x000000000187b000 	/System/Library/Frameworks/ApplicationServices.framework/Versions/A/Frameworks/ATS.framework/Versions/A/Resources/libFontRegistry.dylib
0x000000000187b000 	/System/Library/Frameworks/ImageIO.framework/Versions/A/Resources/libJPEG.dylib
0x000000000187b000 	/System/Library/Frameworks/ImageIO.framework/Versions/A/Resources/libTIFF.dylib
0x000000000187b000 	/System/Library/Frameworks/ImageIO.framework/Versions/A/Resources/libPng.dylib
0x000000000187b000 	/System/Library/Frameworks/ImageIO.framework/Versions/A/Resources/libGIF.dylib
0x000000000187b000 	/System/Library/Frameworks/ImageIO.framework/Versions/A/Resources/libJP2.dylib
0x000000000187b000 	/System/Library/Frameworks/ImageIO.framework/Versions/A/Resources/libRadiance.dylib
0x000000000187b000 	/usr/lib/libcompression.dylib
0x000000000187b000 	/System/Library/PrivateFrameworks/AppleJPEG.framework/Versions/A/AppleJPEG
0x000000000187b000 	/usr/lib/libcups.2.dylib
0x000000000187b000 	/System/Library/Frameworks/Kerberos.framework/Versions/A/Kerberos
0x000000000187b000 	/System/Library/Frameworks/GSS.framework/Versions/A/GSS
0x000000000187b000 	/usr/lib/libresolv.9.dylib
0x000000000187b000 	/usr/lib/libiconv.2.dylib
0x000000000187b000 	/System/Library/PrivateFrameworks/Heimdal.framework/Versions/A/Heimdal
0x000000000187b000 	/usr/lib/libheimdal-asn1.dylib
0x000000000187b000 	/System/Library/Frameworks/OpenDirectory.framework/Versions/A/OpenDirectory
0x000000000187b000 	/System/Library/PrivateFrameworks/CommonAuth.framework/Versions/A/CommonAuth
0x000000000187b000 	/System/Library/Frameworks/OpenDirectory.framework/Versions/A/Frameworks/CFOpenDirectory.framework/Versions/A/CFOpenDirectory
0x000000000187b000 	/System/Library/Frameworks/SecurityFoundation.framework/Versions/A/SecurityFoundation
0x000000000187b000 	/System/Library/PrivateFrameworks/LanguageModeling.framework/Versions/A/LanguageModeling
0x000000000187b000 	/usr/lib/libmarisa.dylib
0x000000000187b000 	/usr/lib/libChineseTokenizer.dylib
0x000000000187b000 	/usr/lib/libcmph.dylib
0x000000000187b000 	/System/Library/PrivateFrameworks/CoreEmoji.framework/Versions/A/CoreEmoji
0x000000000187b000 	/System/Library/Frameworks/ServiceManagement.framework/Versions/A/ServiceManagement
0x000000000187b000 	/usr/lib/libxslt.1.dylib
0x000000000187b000 	/System/Library/Frameworks/Carbon.framework/Versions/A/Frameworks/Ink.framework/Versions/A/Ink
0x000000000187b000 	/System/Library/PrivateFrameworks/TextureIO.framework/Versions/A/TextureIO
0x000000000187b000 	/System/Library/Frameworks/Metal.framework/Versions/A/Metal
0x000000000187b000 	/usr/lib/libate.dylib
0x000000000187b000 	/System/Library/PrivateFrameworks/GPUCompiler.framework/libmetal_timestamp.dylib
0x000000000187b000 	/System/Library/Frameworks/OpenGL.framework/Versions/A/Libraries/libCoreFSCache.dylib
0x000000000187b000 	/System/Library/PrivateFrameworks/IOAccelerator.framework/Versions/A/IOAccelerator
0x000000000187b000 	/System/Library/Frameworks/CoreVideo.framework/Versions/A/CoreVideo
0x000000000187b000 	/usr/lib/libFosl_dynamic.dylib
0x000000000187b000 	/System/Library/PrivateFrameworks/MetalPerformanceShaders.framework/Versions/A/MetalPerformanceShaders
0x000000000187b000 	/System/Library/PrivateFrameworks/FaceCore.framework/Versions/A/FaceCore
0x000000000187b000 	/System/Library/Frameworks/OpenCL.framework/Versions/A/OpenCL
0x000000000187b000 	/System/Library/Frameworks/OpenGL.framework/Versions/A/Libraries/libGLU.dylib
0x000000000187b000 	/System/Library/Frameworks/OpenGL.framework/Versions/A/Libraries/libGFXShared.dylib
0x000000000187b000 	/System/Library/Frameworks/OpenGL.framework/Versions/A/Libraries/libGL.dylib
0x000000000187b000 	/System/Library/Frameworks/OpenGL.framework/Versions/A/Libraries/libGLImage.dylib
0x000000000187b000 	/System/Library/Frameworks/OpenGL.framework/Versions/A/Libraries/libCVMSPluginSupport.dylib
0x000000000187b000 	/System/Library/Frameworks/OpenGL.framework/Versions/A/Libraries/libCoreVMClient.dylib
0x000000000187b000 	/System/Library/PrivateFrameworks/CrashReporterSupport.framework/Versions/A/CrashReporterSupport
0x000000000187b000 	/System/Library/PrivateFrameworks/Sharing.framework/Versions/A/Sharing
0x000000000187b000 	/System/Library/PrivateFrameworks/IconServices.framework/Versions/A/IconServices
0x000000000187b000 	/System/Library/PrivateFrameworks/ProtocolBuffer.framework/Versions/A/ProtocolBuffer
0x000000000187b000 	/System/Library/PrivateFrameworks/Apple80211.framework/Versions/A/Apple80211
0x000000000187b000 	/System/Library/Frameworks/CoreWLAN.framework/Versions/A/CoreWLAN
0x000000000187b000 	/System/Library/PrivateFrameworks/CoreUtils.framework/Versions/A/CoreUtils
0x000000000187b000 	/System/Library/Frameworks/IOBluetooth.framework/Versions/A/IOBluetooth
0x000000000187b000 	/System/Library/PrivateFrameworks/CoreWiFi.framework/Versions/A/CoreWiFi
0x000000000187b000 	/System/Library/Frameworks/CoreBluetooth.framework/Versions/A/CoreBluetooth
0x000000000187b000 	/System/Library/Frameworks/CoreDisplay.framework/Versions/A/CoreDisplay
0x000000000187b000 	/System/Library/PrivateFrameworks/IOPresentment.framework/Versions/A/IOPresentment
0x000000000187b000 	/System/Library/PrivateFrameworks/DebugSymbols.framework/Versions/A/DebugSymbols
0x000000000187b000 	/System/Library/PrivateFrameworks/CoreSymbolication.framework/Versions/A/CoreSymbolication
0x000000000187b000 	/System/Library/PrivateFrameworks/Symbolication.framework/Versions/A/Symbolication
0x000000000187b000 	/System/Library/PrivateFrameworks/AppleFSCompression.framework/Versions/A/AppleFSCompression
0x000000000187b000 	/System/Library/PrivateFrameworks/SpeechRecognitionCore.framework/Versions/A/SpeechRecognitionCore
0x000000000187b000 	/System/Library/PrivateFrameworks/ChunkingLibrary.framework/Versions/A/ChunkingLibrary
0x0000000101a00000 	/Library/Java/JavaVirtualMachines/jdk1.8.0_45.jdk/Contents/Home/jre/lib/server/libjvm.dylib
0x000000000187b000 	/usr/lib/libstdc++.6.dylib
0x000000010085a000 	/Library/Java/JavaVirtualMachines/jdk1.8.0_45.jdk/Contents/Home/jre/lib/libverify.dylib
0x00000001008fb000 	/Library/Java/JavaVirtualMachines/jdk1.8.0_45.jdk/Contents/Home/jre/lib/libjava.dylib
0x0000000100938000 	/Library/Java/JavaVirtualMachines/jdk1.8.0_45.jdk/Contents/Home/jre/lib/libzip.dylib
0x000000011d966000 	/System/Library/Frameworks/JavaVM.framework/Frameworks/JavaRuntimeSupport.framework/JavaRuntimeSupport
0x000000011d980000 	/System/Library/Frameworks/JavaVM.framework/Versions/A/Frameworks/JavaNativeFoundation.framework/Versions/A/JavaNativeFoundation
0x000000011d995000 	/System/Library/Frameworks/JavaVM.framework/Versions/A/JavaVM
0x000000000187b000 	/System/Library/Frameworks/Carbon.framework/Versions/A/Carbon
0x000000011d9a2000 	/System/Library/PrivateFrameworks/JavaLaunching.framework/Versions/A/JavaLaunching
0x000000000187b000 	/System/Library/Frameworks/Carbon.framework/Versions/A/Frameworks/CommonPanels.framework/Versions/A/CommonPanels
0x000000000187b000 	/System/Library/Frameworks/Carbon.framework/Versions/A/Frameworks/Help.framework/Versions/A/Help
0x000000000187b000 	/System/Library/Frameworks/Carbon.framework/Versions/A/Frameworks/ImageCapture.framework/Versions/A/ImageCapture
0x000000000187b000 	/System/Library/Frameworks/Carbon.framework/Versions/A/Frameworks/OpenScripting.framework/Versions/A/OpenScripting
0x000000000187b000 	/System/Library/Frameworks/Carbon.framework/Versions/A/Frameworks/Print.framework/Versions/A/Print
0x000000000187b000 	/System/Library/Frameworks/Carbon.framework/Versions/A/Frameworks/SecurityHI.framework/Versions/A/SecurityHI
0x000000011f657000 	/Library/Java/JavaVirtualMachines/jdk1.8.0_45.jdk/Contents/Home/jre/lib/libsunec.dylib
0x000000011fc7f000 	/Library/Java/JavaVirtualMachines/jdk1.8.0_45.jdk/Contents/Home/jre/lib/libnet.dylib
0x000000011fc96000 	/Library/Java/JavaVirtualMachines/jdk1.8.0_45.jdk/Contents/Home/jre/lib/libnio.dylib

VM Arguments:
jvm_args: -Xbootclasspath/a:/usr/local/Cellar/leiningen/2.7.1/libexec/leiningen-2.7.1-standalone.jar -Dfile.encoding=UTF-8 -Dmaven.wagon.http.ssl.easy=false -Dmaven.wagon.rto=10000 -XX:+TieredCompilation -XX:TieredStopAtLevel=1 -Dleiningen.original.pwd=/Users/lukasgin/liip/clojure/clojure-for-true-brave/hello-world -Dleiningen.script=/usr/local/bin/lein 
java_command: clojure.main -m leiningen.core.main run
java_class_path (initial): :/usr/local/Cellar/leiningen/2.7.1/libexec/leiningen-2.7.1-standalone.jar
Launcher Type: SUN_STANDARD

Environment Variables:
JAVA_HOME=/Library/Java/JavaVirtualMachines/jdk1.8.0_45.jdk/Contents/Home
PATH=/usr/local/opt/openssl/include:/usr/local/opt/openssl/lib:/usr/local/sbin:/Users/lukasgin/.local/bin:/Users/lukasgin/torch/install/bin:/Users/lukasgin/.platformsh/bin:/Users/lukasgin/Library/Android/sdk/tools:/Users/lukasgin/Library/Android/sdk/platform-tools:/Users/lukasgin/.pyenv/shims:/Users/lukasgin/.nvm/versions/node/v6.5.0/bin:/Users/lukasgin/.pyenv/versions/3.5.2/bin:/usr/local/Cellar/pyenv/1.0.3/libexec:/usr/local/opt/openssl/include:/usr/local/opt/openssl/lib:/usr/local/sbin:/Users/lukasgin/.local/bin:/Users/lukasgin/torch/install/bin:/Users/lukasgin/.platformsh/bin:/Users/lukasgin/Library/Android/sdk/tools:/Users/lukasgin/Library/Android/sdk/platform-tools:/Users/lukasgin/.pyenv/shims:/Users/lukasgin/liip/Go/bin:/usr/local/bin:/usr/bin:/bin:/usr/sbin:/sbin:/opt/X11/bin:/usr/local/share/dotnet:/usr/local/MacGPG2/bin:/Library/Frameworks/Mono.framework/Versions/Current/Commands:/Library/TeX/texbin:/Users/lukasgin/liip/Go/bin
SHELL=/usr/local/bin/bash
DISPLAY=/private/tmp/com.apple.launchd.L8w4u7cVoj/org.macosforge.xquartz:0

Signal Handlers:
SIGSEGV: [libjvm.dylib+0x58ef95], sa_mask[0]=11111111011111110111111111111111, sa_flags=SA_ONSTACK|SA_RESTART|SA_SIGINFO
SIGBUS: [libjvm.dylib+0x58ef95], sa_mask[0]=11111111011111110111111111111111, sa_flags=SA_RESTART|SA_SIGINFO
SIGFPE: [libjvm.dylib+0x46c108], sa_mask[0]=11111111011111110111111111111111, sa_flags=SA_RESTART|SA_SIGINFO
SIGPIPE: [libjvm.dylib+0x46c108], sa_mask[0]=11111111011111110111111111111111, sa_flags=SA_RESTART|SA_SIGINFO
SIGXFSZ: [libjvm.dylib+0x46c108], sa_mask[0]=11111111011111110111111111111111, sa_flags=SA_RESTART|SA_SIGINFO
SIGILL: [libjvm.dylib+0x46c108], sa_mask[0]=11111111011111110111111111111111, sa_flags=SA_RESTART|SA_SIGINFO
SIGUSR1: SIG_DFL, sa_mask[0]=11011111011111100000000111000110, sa_flags=none
SIGUSR2: [libjvm.dylib+0x46bc26], sa_mask[0]=00000000000000000000000000000000, sa_flags=SA_RESTART|SA_SIGINFO
SIGHUP: [libjvm.dylib+0x46a1f9], sa_mask[0]=11111111011111110111111111111111, sa_flags=SA_RESTART|SA_SIGINFO
SIGINT: [libjvm.dylib+0x46a1f9], sa_mask[0]=11111111011111110111111111111111, sa_flags=SA_RESTART|SA_SIGINFO
SIGTERM: [libjvm.dylib+0x46a1f9], sa_mask[0]=11111111011111110111111111111111, sa_flags=SA_RESTART|SA_SIGINFO
SIGQUIT: [libjvm.dylib+0x46a1f9], sa_mask[0]=11111111011111110111111111111111, sa_flags=SA_RESTART|SA_SIGINFO


---------------  S Y S T E M  ---------------

OS:Bsduname:Darwin 16.4.0 Darwin Kernel Version 16.4.0: Thu Dec 22 22:53:21 PST 2016; root:xnu-3789.41.3~3/RELEASE_X86_64 x86_64
rlimit: STACK 8192k, CORE 0k, NPROC 709, NOFILE 10240, AS infinity
load average:2.40 2.57 2.47

CPU:total 8 (4 cores per cpu, 2 threads per core) family 6 model 70 stepping 1, cmov, cx8, fxsr, mmx, sse, sse2, sse3, ssse3, sse4.1, sse4.2, popcnt, avx, avx2, aes, clmul, erms, lzcnt, ht, tsc, tscinvbit, bmi1, bmi2

Memory: 4k page, physical 16777216k(17548k free)

/proc/meminfo:


vm_info: Java HotSpot(TM) 64-Bit Server VM (25.45-b02) for bsd-amd64 JRE (1.8.0_45-b14), built on Apr 10 2015 10:46:38 by "java_re" with gcc 4.2.1 (Based on Apple Inc. build 5658) (LLVM build 2336.11.00)

time: Sun Jun 18 13:19:50 2017
elapsed time: 1 seconds (0d 0h 0m 1s)

